{"/Users/mderoir/Desktop/STRAM/G552/api552/Data/Frame/Frame_0x33.js": {"path":"/Users/mderoir/Desktop/STRAM/G552/api552/Data/Frame/Frame_0x33.js","statementMap":{"0":{"start":{"line":1,"column":23},"end":{"line":1,"column":57}},"1":{"start":{"line":3,"column":15},"end":{"line":3,"column":47}},"2":{"start":{"line":4,"column":14},"end":{"line":4,"column":45}},"3":{"start":{"line":5,"column":12},"end":{"line":5,"column":42}},"4":{"start":{"line":13,"column":22},"end":{"line":13,"column":46}},"5":{"start":{"line":14,"column":22},"end":{"line":14,"column":47}},"6":{"start":{"line":16,"column":18},"end":{"line":19,"column":9}},"7":{"start":{"line":22,"column":8},"end":{"line":29,"column":9}},"8":{"start":{"line":23,"column":12},"end":{"line":23,"column":40}},"9":{"start":{"line":24,"column":15},"end":{"line":29,"column":9}},"10":{"start":{"line":25,"column":12},"end":{"line":25,"column":41}},"11":{"start":{"line":28,"column":12},"end":{"line":28,"column":40}},"12":{"start":{"line":32,"column":8},"end":{"line":36,"column":9}},"13":{"start":{"line":33,"column":12},"end":{"line":33,"column":102}},"14":{"start":{"line":35,"column":12},"end":{"line":35,"column":115}},"15":{"start":{"line":39,"column":8},"end":{"line":39,"column":81}},"16":{"start":{"line":42,"column":8},"end":{"line":42,"column":84}},"17":{"start":{"line":46,"column":8},"end":{"line":50,"column":9}},"18":{"start":{"line":47,"column":12},"end":{"line":47,"column":27}},"19":{"start":{"line":49,"column":12},"end":{"line":49,"column":54}},"20":{"start":{"line":53,"column":8},"end":{"line":59,"column":9}},"21":{"start":{"line":54,"column":12},"end":{"line":54,"column":35}},"22":{"start":{"line":55,"column":12},"end":{"line":55,"column":41}},"23":{"start":{"line":57,"column":12},"end":{"line":57,"column":62}},"24":{"start":{"line":58,"column":12},"end":{"line":58,"column":42}},"25":{"start":{"line":62,"column":8},"end":{"line":68,"column":9}},"26":{"start":{"line":63,"column":12},"end":{"line":63,"column":36}},"27":{"start":{"line":64,"column":12},"end":{"line":64,"column":42}},"28":{"start":{"line":66,"column":12},"end":{"line":66,"column":63}},"29":{"start":{"line":67,"column":12},"end":{"line":67,"column":43}},"30":{"start":{"line":71,"column":8},"end":{"line":71,"column":61}},"31":{"start":{"line":74,"column":8},"end":{"line":74,"column":62}},"32":{"start":{"line":77,"column":8},"end":{"line":77,"column":41}},"33":{"start":{"line":80,"column":8},"end":{"line":94,"column":9}},"34":{"start":{"line":81,"column":12},"end":{"line":81,"column":37}},"35":{"start":{"line":82,"column":12},"end":{"line":82,"column":28}},"36":{"start":{"line":83,"column":16},"end":{"line":94,"column":9}},"37":{"start":{"line":84,"column":12},"end":{"line":84,"column":38}},"38":{"start":{"line":85,"column":12},"end":{"line":85,"column":28}},"39":{"start":{"line":86,"column":15},"end":{"line":94,"column":9}},"40":{"start":{"line":87,"column":12},"end":{"line":87,"column":38}},"41":{"start":{"line":88,"column":12},"end":{"line":88,"column":27}},"42":{"start":{"line":89,"column":12},"end":{"line":89,"column":43}},"43":{"start":{"line":90,"column":15},"end":{"line":94,"column":9}},"44":{"start":{"line":91,"column":12},"end":{"line":91,"column":38}},"45":{"start":{"line":92,"column":12},"end":{"line":92,"column":27}},"46":{"start":{"line":93,"column":12},"end":{"line":93,"column":46}},"47":{"start":{"line":97,"column":8},"end":{"line":97,"column":48}},"48":{"start":{"line":100,"column":8},"end":{"line":100,"column":49}},"49":{"start":{"line":102,"column":8},"end":{"line":105,"column":9}},"50":{"start":{"line":102,"column":21},"end":{"line":102,"column":22}},"51":{"start":{"line":103,"column":12},"end":{"line":103,"column":74}},"52":{"start":{"line":104,"column":12},"end":{"line":104,"column":75}},"53":{"start":{"line":109,"column":8},"end":{"line":109,"column":65}},"54":{"start":{"line":110,"column":8},"end":{"line":110,"column":65}},"55":{"start":{"line":111,"column":8},"end":{"line":111,"column":65}},"56":{"start":{"line":124,"column":8},"end":{"line":124,"column":59}},"57":{"start":{"line":125,"column":8},"end":{"line":125,"column":59}},"58":{"start":{"line":127,"column":8},"end":{"line":131,"column":9}},"59":{"start":{"line":128,"column":12},"end":{"line":128,"column":39}},"60":{"start":{"line":129,"column":15},"end":{"line":131,"column":9}},"61":{"start":{"line":130,"column":12},"end":{"line":130,"column":38}},"62":{"start":{"line":133,"column":8},"end":{"line":147,"column":9}},"63":{"start":{"line":134,"column":12},"end":{"line":134,"column":39}},"64":{"start":{"line":135,"column":12},"end":{"line":135,"column":28}},"65":{"start":{"line":136,"column":17},"end":{"line":147,"column":9}},"66":{"start":{"line":137,"column":12},"end":{"line":137,"column":40}},"67":{"start":{"line":138,"column":12},"end":{"line":138,"column":28}},"68":{"start":{"line":139,"column":15},"end":{"line":147,"column":9}},"69":{"start":{"line":140,"column":12},"end":{"line":140,"column":40}},"70":{"start":{"line":141,"column":12},"end":{"line":141,"column":27}},"71":{"start":{"line":142,"column":12},"end":{"line":142,"column":43}},"72":{"start":{"line":143,"column":15},"end":{"line":147,"column":9}},"73":{"start":{"line":144,"column":12},"end":{"line":144,"column":40}},"74":{"start":{"line":145,"column":12},"end":{"line":145,"column":27}},"75":{"start":{"line":146,"column":12},"end":{"line":146,"column":46}},"76":{"start":{"line":149,"column":8},"end":{"line":158,"column":9}},"77":{"start":{"line":150,"column":12},"end":{"line":150,"column":39}},"78":{"start":{"line":151,"column":12},"end":{"line":151,"column":49}},"79":{"start":{"line":152,"column":15},"end":{"line":158,"column":9}},"80":{"start":{"line":153,"column":12},"end":{"line":153,"column":38}},"81":{"start":{"line":154,"column":12},"end":{"line":154,"column":49}},"82":{"start":{"line":155,"column":15},"end":{"line":158,"column":9}},"83":{"start":{"line":156,"column":12},"end":{"line":156,"column":38}},"84":{"start":{"line":157,"column":12},"end":{"line":157,"column":51}},"85":{"start":{"line":160,"column":8},"end":{"line":160,"column":19}},"86":{"start":{"line":164,"column":0},"end":{"line":164,"column":28}}},"fnMap":{"0":{"name":"(anonymous_0)","decl":{"start":{"line":12,"column":4},"end":{"line":12,"column":5}},"loc":{"start":{"line":12,"column":27},"end":{"line":161,"column":5}},"line":12}},"branchMap":{"0":{"loc":{"start":{"line":22,"column":8},"end":{"line":29,"column":9}},"type":"if","locations":[{"start":{"line":22,"column":8},"end":{"line":29,"column":9}},{"start":{"line":24,"column":15},"end":{"line":29,"column":9}}],"line":22},"1":{"loc":{"start":{"line":24,"column":15},"end":{"line":29,"column":9}},"type":"if","locations":[{"start":{"line":24,"column":15},"end":{"line":29,"column":9}},{"start":{"line":26,"column":15},"end":{"line":29,"column":9}}],"line":24},"2":{"loc":{"start":{"line":32,"column":8},"end":{"line":36,"column":9}},"type":"if","locations":[{"start":{"line":32,"column":8},"end":{"line":36,"column":9}},{"start":{"line":34,"column":15},"end":{"line":36,"column":9}}],"line":32},"3":{"loc":{"start":{"line":46,"column":8},"end":{"line":50,"column":9}},"type":"if","locations":[{"start":{"line":46,"column":8},"end":{"line":50,"column":9}},{"start":{"line":48,"column":15},"end":{"line":50,"column":9}}],"line":46},"4":{"loc":{"start":{"line":53,"column":8},"end":{"line":59,"column":9}},"type":"if","locations":[{"start":{"line":53,"column":8},"end":{"line":59,"column":9}},{"start":{"line":56,"column":15},"end":{"line":59,"column":9}}],"line":53},"5":{"loc":{"start":{"line":62,"column":8},"end":{"line":68,"column":9}},"type":"if","locations":[{"start":{"line":62,"column":8},"end":{"line":68,"column":9}},{"start":{"line":65,"column":15},"end":{"line":68,"column":9}}],"line":62},"6":{"loc":{"start":{"line":80,"column":8},"end":{"line":94,"column":9}},"type":"if","locations":[{"start":{"line":80,"column":8},"end":{"line":94,"column":9}},{"start":{"line":83,"column":16},"end":{"line":94,"column":9}}],"line":80},"7":{"loc":{"start":{"line":83,"column":16},"end":{"line":94,"column":9}},"type":"if","locations":[{"start":{"line":83,"column":16},"end":{"line":94,"column":9}},{"start":{"line":86,"column":15},"end":{"line":94,"column":9}}],"line":83},"8":{"loc":{"start":{"line":86,"column":15},"end":{"line":94,"column":9}},"type":"if","locations":[{"start":{"line":86,"column":15},"end":{"line":94,"column":9}},{"start":{"line":90,"column":15},"end":{"line":94,"column":9}}],"line":86},"9":{"loc":{"start":{"line":90,"column":15},"end":{"line":94,"column":9}},"type":"if","locations":[{"start":{"line":90,"column":15},"end":{"line":94,"column":9}},{"start":{},"end":{}}],"line":90},"10":{"loc":{"start":{"line":127,"column":8},"end":{"line":131,"column":9}},"type":"if","locations":[{"start":{"line":127,"column":8},"end":{"line":131,"column":9}},{"start":{"line":129,"column":15},"end":{"line":131,"column":9}}],"line":127},"11":{"loc":{"start":{"line":129,"column":15},"end":{"line":131,"column":9}},"type":"if","locations":[{"start":{"line":129,"column":15},"end":{"line":131,"column":9}},{"start":{},"end":{}}],"line":129},"12":{"loc":{"start":{"line":133,"column":8},"end":{"line":147,"column":9}},"type":"if","locations":[{"start":{"line":133,"column":8},"end":{"line":147,"column":9}},{"start":{"line":136,"column":17},"end":{"line":147,"column":9}}],"line":133},"13":{"loc":{"start":{"line":136,"column":17},"end":{"line":147,"column":9}},"type":"if","locations":[{"start":{"line":136,"column":17},"end":{"line":147,"column":9}},{"start":{"line":139,"column":15},"end":{"line":147,"column":9}}],"line":136},"14":{"loc":{"start":{"line":139,"column":15},"end":{"line":147,"column":9}},"type":"if","locations":[{"start":{"line":139,"column":15},"end":{"line":147,"column":9}},{"start":{"line":143,"column":15},"end":{"line":147,"column":9}}],"line":139},"15":{"loc":{"start":{"line":143,"column":15},"end":{"line":147,"column":9}},"type":"if","locations":[{"start":{"line":143,"column":15},"end":{"line":147,"column":9}},{"start":{},"end":{}}],"line":143},"16":{"loc":{"start":{"line":149,"column":8},"end":{"line":158,"column":9}},"type":"if","locations":[{"start":{"line":149,"column":8},"end":{"line":158,"column":9}},{"start":{"line":152,"column":15},"end":{"line":158,"column":9}}],"line":149},"17":{"loc":{"start":{"line":152,"column":15},"end":{"line":158,"column":9}},"type":"if","locations":[{"start":{"line":152,"column":15},"end":{"line":158,"column":9}},{"start":{"line":155,"column":15},"end":{"line":158,"column":9}}],"line":152},"18":{"loc":{"start":{"line":155,"column":15},"end":{"line":158,"column":9}},"type":"if","locations":[{"start":{"line":155,"column":15},"end":{"line":158,"column":9}},{"start":{},"end":{}}],"line":155}},"s":{"0":1,"1":1,"2":1,"3":1,"4":4,"5":4,"6":4,"7":4,"8":2,"9":2,"10":1,"11":1,"12":4,"13":3,"14":1,"15":4,"16":4,"17":4,"18":1,"19":3,"20":4,"21":1,"22":1,"23":3,"24":3,"25":4,"26":1,"27":1,"28":3,"29":3,"30":4,"31":4,"32":4,"33":4,"34":1,"35":1,"36":3,"37":1,"38":1,"39":2,"40":1,"41":1,"42":1,"43":1,"44":1,"45":1,"46":1,"47":4,"48":4,"49":4,"50":4,"51":48,"52":48,"53":4,"54":4,"55":4,"56":4,"57":4,"58":4,"59":3,"60":1,"61":1,"62":4,"63":1,"64":1,"65":3,"66":1,"67":1,"68":2,"69":1,"70":1,"71":1,"72":1,"73":1,"74":1,"75":1,"76":4,"77":1,"78":1,"79":3,"80":1,"81":1,"82":2,"83":2,"84":2,"85":4,"86":1},"f":{"0":4},"b":{"0":[2,2],"1":[1,1],"2":[3,1],"3":[1,3],"4":[1,3],"5":[1,3],"6":[1,3],"7":[1,2],"8":[1,1],"9":[1,0],"10":[3,1],"11":[1,0],"12":[1,3],"13":[1,2],"14":[1,1],"15":[1,0],"16":[1,3],"17":[1,2],"18":[2,0]},"_coverageSchema":"1a1c01bbd47fc00a2c39e90264f33305004495a9","hash":"e1b3eaad097f66c5edd7bb7a6e05f9839951fcb7"}
,"/Users/mderoir/Desktop/STRAM/G552/api552/Data/Frame/Frame_0x35.js": {"path":"/Users/mderoir/Desktop/STRAM/G552/api552/Data/Frame/Frame_0x35.js","statementMap":{"0":{"start":{"line":1,"column":23},"end":{"line":1,"column":57}},"1":{"start":{"line":2,"column":12},"end":{"line":2,"column":42}},"2":{"start":{"line":10,"column":20},"end":{"line":12,"column":9}},"3":{"start":{"line":16,"column":8},"end":{"line":20,"column":9}},"4":{"start":{"line":17,"column":12},"end":{"line":17,"column":102}},"5":{"start":{"line":19,"column":12},"end":{"line":19,"column":115}},"6":{"start":{"line":23,"column":8},"end":{"line":23,"column":58}},"7":{"start":{"line":26,"column":8},"end":{"line":26,"column":68}},"8":{"start":{"line":29,"column":8},"end":{"line":29,"column":60}},"9":{"start":{"line":32,"column":8},"end":{"line":32,"column":70}},"10":{"start":{"line":35,"column":8},"end":{"line":35,"column":50}},"11":{"start":{"line":39,"column":8},"end":{"line":39,"column":58}},"12":{"start":{"line":42,"column":8},"end":{"line":42,"column":59}},"13":{"start":{"line":45,"column":8},"end":{"line":45,"column":61}},"14":{"start":{"line":48,"column":8},"end":{"line":48,"column":62}},"15":{"start":{"line":51,"column":8},"end":{"line":51,"column":41}},"16":{"start":{"line":54,"column":8},"end":{"line":68,"column":9}},"17":{"start":{"line":55,"column":12},"end":{"line":55,"column":37}},"18":{"start":{"line":56,"column":12},"end":{"line":56,"column":28}},"19":{"start":{"line":57,"column":16},"end":{"line":68,"column":9}},"20":{"start":{"line":58,"column":12},"end":{"line":58,"column":38}},"21":{"start":{"line":59,"column":12},"end":{"line":59,"column":28}},"22":{"start":{"line":60,"column":15},"end":{"line":68,"column":9}},"23":{"start":{"line":61,"column":12},"end":{"line":61,"column":38}},"24":{"start":{"line":62,"column":12},"end":{"line":62,"column":27}},"25":{"start":{"line":63,"column":12},"end":{"line":63,"column":43}},"26":{"start":{"line":64,"column":15},"end":{"line":68,"column":9}},"27":{"start":{"line":65,"column":12},"end":{"line":65,"column":38}},"28":{"start":{"line":66,"column":12},"end":{"line":66,"column":27}},"29":{"start":{"line":67,"column":12},"end":{"line":67,"column":46}},"30":{"start":{"line":71,"column":8},"end":{"line":71,"column":53}},"31":{"start":{"line":72,"column":8},"end":{"line":72,"column":54}},"32":{"start":{"line":73,"column":8},"end":{"line":73,"column":47}},"33":{"start":{"line":74,"column":8},"end":{"line":74,"column":48}},"34":{"start":{"line":76,"column":8},"end":{"line":89,"column":9}},"35":{"start":{"line":76,"column":21},"end":{"line":76,"column":22}},"36":{"start":{"line":77,"column":12},"end":{"line":77,"column":106}},"37":{"start":{"line":78,"column":12},"end":{"line":78,"column":122}},"38":{"start":{"line":79,"column":12},"end":{"line":79,"column":107}},"39":{"start":{"line":80,"column":12},"end":{"line":80,"column":123}},"40":{"start":{"line":83,"column":12},"end":{"line":85,"column":13}},"41":{"start":{"line":84,"column":16},"end":{"line":84,"column":50}},"42":{"start":{"line":86,"column":12},"end":{"line":88,"column":13}},"43":{"start":{"line":87,"column":16},"end":{"line":87,"column":51}},"44":{"start":{"line":90,"column":8},"end":{"line":90,"column":19}},"45":{"start":{"line":94,"column":0},"end":{"line":94,"column":28}}},"fnMap":{"0":{"name":"(anonymous_0)","decl":{"start":{"line":9,"column":4},"end":{"line":9,"column":5}},"loc":{"start":{"line":9,"column":27},"end":{"line":91,"column":5}},"line":9}},"branchMap":{"0":{"loc":{"start":{"line":16,"column":8},"end":{"line":20,"column":9}},"type":"if","locations":[{"start":{"line":16,"column":8},"end":{"line":20,"column":9}},{"start":{"line":18,"column":15},"end":{"line":20,"column":9}}],"line":16},"1":{"loc":{"start":{"line":54,"column":8},"end":{"line":68,"column":9}},"type":"if","locations":[{"start":{"line":54,"column":8},"end":{"line":68,"column":9}},{"start":{"line":57,"column":16},"end":{"line":68,"column":9}}],"line":54},"2":{"loc":{"start":{"line":57,"column":16},"end":{"line":68,"column":9}},"type":"if","locations":[{"start":{"line":57,"column":16},"end":{"line":68,"column":9}},{"start":{"line":60,"column":15},"end":{"line":68,"column":9}}],"line":57},"3":{"loc":{"start":{"line":60,"column":15},"end":{"line":68,"column":9}},"type":"if","locations":[{"start":{"line":60,"column":15},"end":{"line":68,"column":9}},{"start":{"line":64,"column":15},"end":{"line":68,"column":9}}],"line":60},"4":{"loc":{"start":{"line":64,"column":15},"end":{"line":68,"column":9}},"type":"if","locations":[{"start":{"line":64,"column":15},"end":{"line":68,"column":9}},{"start":{},"end":{}}],"line":64},"5":{"loc":{"start":{"line":83,"column":12},"end":{"line":85,"column":13}},"type":"if","locations":[{"start":{"line":83,"column":12},"end":{"line":85,"column":13}},{"start":{},"end":{}}],"line":83},"6":{"loc":{"start":{"line":83,"column":16},"end":{"line":83,"column":111}},"type":"binary-expr","locations":[{"start":{"line":83,"column":16},"end":{"line":83,"column":45}},{"start":{"line":83,"column":49},"end":{"line":83,"column":78}},{"start":{"line":83,"column":82},"end":{"line":83,"column":111}}],"line":83},"7":{"loc":{"start":{"line":86,"column":12},"end":{"line":88,"column":13}},"type":"if","locations":[{"start":{"line":86,"column":12},"end":{"line":88,"column":13}},{"start":{},"end":{}}],"line":86},"8":{"loc":{"start":{"line":86,"column":16},"end":{"line":86,"column":111}},"type":"binary-expr","locations":[{"start":{"line":86,"column":16},"end":{"line":86,"column":45}},{"start":{"line":86,"column":49},"end":{"line":86,"column":78}},{"start":{"line":86,"column":82},"end":{"line":86,"column":111}}],"line":86}},"s":{"0":1,"1":1,"2":5,"3":5,"4":4,"5":1,"6":5,"7":5,"8":5,"9":5,"10":5,"11":5,"12":5,"13":5,"14":5,"15":5,"16":5,"17":2,"18":2,"19":3,"20":1,"21":1,"22":2,"23":1,"24":1,"25":1,"26":1,"27":1,"28":1,"29":1,"30":5,"31":5,"32":5,"33":5,"34":5,"35":5,"36":15,"37":15,"38":15,"39":15,"40":15,"41":15,"42":15,"43":15,"44":5,"45":1},"f":{"0":5},"b":{"0":[4,1],"1":[2,3],"2":[1,2],"3":[1,1],"4":[1,0],"5":[15,0],"6":[15,15,15],"7":[15,0],"8":[15,15,15]},"_coverageSchema":"1a1c01bbd47fc00a2c39e90264f33305004495a9","hash":"b4018f14845faa37dc797eb7f6c6bf87f147fb8d"}
,"/Users/mderoir/Desktop/STRAM/G552/api552/Data/Frame/Frame_0x36.js": {"path":"/Users/mderoir/Desktop/STRAM/G552/api552/Data/Frame/Frame_0x36.js","statementMap":{"0":{"start":{"line":1,"column":15},"end":{"line":1,"column":47}},"1":{"start":{"line":2,"column":23},"end":{"line":2,"column":57}},"2":{"start":{"line":3,"column":12},"end":{"line":3,"column":42}},"3":{"start":{"line":11,"column":20},"end":{"line":14,"column":9}},"4":{"start":{"line":17,"column":8},"end":{"line":21,"column":9}},"5":{"start":{"line":18,"column":12},"end":{"line":18,"column":102}},"6":{"start":{"line":20,"column":12},"end":{"line":20,"column":115}},"7":{"start":{"line":24,"column":8},"end":{"line":24,"column":68}},"8":{"start":{"line":25,"column":8},"end":{"line":25,"column":70}},"9":{"start":{"line":28,"column":8},"end":{"line":28,"column":47}},"10":{"start":{"line":31,"column":8},"end":{"line":31,"column":56}},"11":{"start":{"line":32,"column":8},"end":{"line":32,"column":57}},"12":{"start":{"line":35,"column":8},"end":{"line":35,"column":61}},"13":{"start":{"line":36,"column":8},"end":{"line":36,"column":62}},"14":{"start":{"line":39,"column":8},"end":{"line":39,"column":41}},"15":{"start":{"line":42,"column":8},"end":{"line":56,"column":9}},"16":{"start":{"line":43,"column":12},"end":{"line":43,"column":37}},"17":{"start":{"line":44,"column":12},"end":{"line":44,"column":28}},"18":{"start":{"line":45,"column":15},"end":{"line":56,"column":9}},"19":{"start":{"line":46,"column":12},"end":{"line":46,"column":38}},"20":{"start":{"line":47,"column":12},"end":{"line":47,"column":28}},"21":{"start":{"line":48,"column":15},"end":{"line":56,"column":9}},"22":{"start":{"line":49,"column":12},"end":{"line":49,"column":38}},"23":{"start":{"line":50,"column":12},"end":{"line":50,"column":27}},"24":{"start":{"line":51,"column":12},"end":{"line":51,"column":43}},"25":{"start":{"line":52,"column":15},"end":{"line":56,"column":9}},"26":{"start":{"line":53,"column":12},"end":{"line":53,"column":38}},"27":{"start":{"line":54,"column":12},"end":{"line":54,"column":27}},"28":{"start":{"line":55,"column":12},"end":{"line":55,"column":46}},"29":{"start":{"line":58,"column":8},"end":{"line":64,"column":9}},"30":{"start":{"line":59,"column":12},"end":{"line":59,"column":37}},"31":{"start":{"line":60,"column":12},"end":{"line":60,"column":39}},"32":{"start":{"line":62,"column":12},"end":{"line":62,"column":38}},"33":{"start":{"line":63,"column":12},"end":{"line":63,"column":38}},"34":{"start":{"line":67,"column":8},"end":{"line":72,"column":10}},"35":{"start":{"line":73,"column":8},"end":{"line":78,"column":10}},"36":{"start":{"line":81,"column":8},"end":{"line":81,"column":45}},"37":{"start":{"line":82,"column":8},"end":{"line":82,"column":46}},"38":{"start":{"line":84,"column":8},"end":{"line":91,"column":9}},"39":{"start":{"line":84,"column":21},"end":{"line":84,"column":22}},"40":{"start":{"line":85,"column":12},"end":{"line":87,"column":13}},"41":{"start":{"line":86,"column":16},"end":{"line":86,"column":79}},"42":{"start":{"line":88,"column":12},"end":{"line":90,"column":13}},"43":{"start":{"line":89,"column":16},"end":{"line":89,"column":80}},"44":{"start":{"line":94,"column":8},"end":{"line":109,"column":9}},"45":{"start":{"line":95,"column":12},"end":{"line":95,"column":33}},"46":{"start":{"line":96,"column":12},"end":{"line":96,"column":34}},"47":{"start":{"line":97,"column":15},"end":{"line":109,"column":9}},"48":{"start":{"line":98,"column":12},"end":{"line":98,"column":33}},"49":{"start":{"line":99,"column":12},"end":{"line":99,"column":34}},"50":{"start":{"line":100,"column":15},"end":{"line":109,"column":9}},"51":{"start":{"line":101,"column":12},"end":{"line":101,"column":33}},"52":{"start":{"line":102,"column":12},"end":{"line":102,"column":34}},"53":{"start":{"line":103,"column":15},"end":{"line":109,"column":9}},"54":{"start":{"line":104,"column":12},"end":{"line":104,"column":33}},"55":{"start":{"line":105,"column":12},"end":{"line":105,"column":34}},"56":{"start":{"line":107,"column":12},"end":{"line":107,"column":33}},"57":{"start":{"line":108,"column":12},"end":{"line":108,"column":34}},"58":{"start":{"line":112,"column":8},"end":{"line":121,"column":9}},"59":{"start":{"line":113,"column":12},"end":{"line":113,"column":35}},"60":{"start":{"line":114,"column":12},"end":{"line":114,"column":37}},"61":{"start":{"line":115,"column":15},"end":{"line":121,"column":9}},"62":{"start":{"line":116,"column":12},"end":{"line":116,"column":36}},"63":{"start":{"line":117,"column":12},"end":{"line":117,"column":36}},"64":{"start":{"line":119,"column":12},"end":{"line":119,"column":36}},"65":{"start":{"line":120,"column":12},"end":{"line":120,"column":37}},"66":{"start":{"line":124,"column":8},"end":{"line":124,"column":19}},"67":{"start":{"line":129,"column":0},"end":{"line":129,"column":28}}},"fnMap":{"0":{"name":"(anonymous_0)","decl":{"start":{"line":10,"column":4},"end":{"line":10,"column":5}},"loc":{"start":{"line":10,"column":27},"end":{"line":125,"column":5}},"line":10}},"branchMap":{"0":{"loc":{"start":{"line":17,"column":8},"end":{"line":21,"column":9}},"type":"if","locations":[{"start":{"line":17,"column":8},"end":{"line":21,"column":9}},{"start":{"line":19,"column":15},"end":{"line":21,"column":9}}],"line":17},"1":{"loc":{"start":{"line":42,"column":8},"end":{"line":56,"column":9}},"type":"if","locations":[{"start":{"line":42,"column":8},"end":{"line":56,"column":9}},{"start":{"line":45,"column":15},"end":{"line":56,"column":9}}],"line":42},"2":{"loc":{"start":{"line":45,"column":15},"end":{"line":56,"column":9}},"type":"if","locations":[{"start":{"line":45,"column":15},"end":{"line":56,"column":9}},{"start":{"line":48,"column":15},"end":{"line":56,"column":9}}],"line":45},"3":{"loc":{"start":{"line":48,"column":15},"end":{"line":56,"column":9}},"type":"if","locations":[{"start":{"line":48,"column":15},"end":{"line":56,"column":9}},{"start":{"line":52,"column":15},"end":{"line":56,"column":9}}],"line":48},"4":{"loc":{"start":{"line":52,"column":15},"end":{"line":56,"column":9}},"type":"if","locations":[{"start":{"line":52,"column":15},"end":{"line":56,"column":9}},{"start":{},"end":{}}],"line":52},"5":{"loc":{"start":{"line":58,"column":8},"end":{"line":64,"column":9}},"type":"if","locations":[{"start":{"line":58,"column":8},"end":{"line":64,"column":9}},{"start":{"line":61,"column":15},"end":{"line":64,"column":9}}],"line":58},"6":{"loc":{"start":{"line":85,"column":12},"end":{"line":87,"column":13}},"type":"if","locations":[{"start":{"line":85,"column":12},"end":{"line":87,"column":13}},{"start":{},"end":{}}],"line":85},"7":{"loc":{"start":{"line":85,"column":16},"end":{"line":85,"column":68}},"type":"binary-expr","locations":[{"start":{"line":85,"column":16},"end":{"line":85,"column":40}},{"start":{"line":85,"column":44},"end":{"line":85,"column":68}}],"line":85},"8":{"loc":{"start":{"line":88,"column":12},"end":{"line":90,"column":13}},"type":"if","locations":[{"start":{"line":88,"column":12},"end":{"line":90,"column":13}},{"start":{},"end":{}}],"line":88},"9":{"loc":{"start":{"line":88,"column":16},"end":{"line":88,"column":68}},"type":"binary-expr","locations":[{"start":{"line":88,"column":16},"end":{"line":88,"column":40}},{"start":{"line":88,"column":44},"end":{"line":88,"column":68}}],"line":88},"10":{"loc":{"start":{"line":94,"column":8},"end":{"line":109,"column":9}},"type":"if","locations":[{"start":{"line":94,"column":8},"end":{"line":109,"column":9}},{"start":{"line":97,"column":15},"end":{"line":109,"column":9}}],"line":94},"11":{"loc":{"start":{"line":97,"column":15},"end":{"line":109,"column":9}},"type":"if","locations":[{"start":{"line":97,"column":15},"end":{"line":109,"column":9}},{"start":{"line":100,"column":15},"end":{"line":109,"column":9}}],"line":97},"12":{"loc":{"start":{"line":100,"column":15},"end":{"line":109,"column":9}},"type":"if","locations":[{"start":{"line":100,"column":15},"end":{"line":109,"column":9}},{"start":{"line":103,"column":15},"end":{"line":109,"column":9}}],"line":100},"13":{"loc":{"start":{"line":103,"column":15},"end":{"line":109,"column":9}},"type":"if","locations":[{"start":{"line":103,"column":15},"end":{"line":109,"column":9}},{"start":{"line":106,"column":15},"end":{"line":109,"column":9}}],"line":103},"14":{"loc":{"start":{"line":112,"column":8},"end":{"line":121,"column":9}},"type":"if","locations":[{"start":{"line":112,"column":8},"end":{"line":121,"column":9}},{"start":{"line":115,"column":15},"end":{"line":121,"column":9}}],"line":112},"15":{"loc":{"start":{"line":115,"column":15},"end":{"line":121,"column":9}},"type":"if","locations":[{"start":{"line":115,"column":15},"end":{"line":121,"column":9}},{"start":{"line":118,"column":15},"end":{"line":121,"column":9}}],"line":115}},"s":{"0":1,"1":1,"2":1,"3":1,"4":1,"5":1,"6":0,"7":1,"8":1,"9":1,"10":1,"11":1,"12":1,"13":1,"14":1,"15":1,"16":1,"17":1,"18":0,"19":0,"20":0,"21":0,"22":0,"23":0,"24":0,"25":0,"26":0,"27":0,"28":0,"29":1,"30":1,"31":1,"32":0,"33":0,"34":1,"35":1,"36":1,"37":1,"38":1,"39":1,"40":6,"41":6,"42":6,"43":6,"44":1,"45":0,"46":0,"47":1,"48":0,"49":0,"50":1,"51":0,"52":0,"53":1,"54":0,"55":0,"56":1,"57":1,"58":1,"59":0,"60":0,"61":1,"62":0,"63":0,"64":1,"65":1,"66":1,"67":1},"f":{"0":1},"b":{"0":[1,0],"1":[1,0],"2":[0,0],"3":[0,0],"4":[0,0],"5":[1,0],"6":[6,0],"7":[6,6],"8":[6,0],"9":[6,6],"10":[0,1],"11":[0,1],"12":[0,1],"13":[0,1],"14":[0,1],"15":[0,1]},"_coverageSchema":"1a1c01bbd47fc00a2c39e90264f33305004495a9","hash":"a208c2ac67e439f47a5d07cca3ab8b154df07e75"}
,"/Users/mderoir/Desktop/STRAM/G552/api552/Data/Frame/Frame_0x37.js": {"path":"/Users/mderoir/Desktop/STRAM/G552/api552/Data/Frame/Frame_0x37.js","statementMap":{"0":{"start":{"line":1,"column":23},"end":{"line":1,"column":57}},"1":{"start":{"line":2,"column":12},"end":{"line":2,"column":42}},"2":{"start":{"line":10,"column":20},"end":{"line":12,"column":9}},"3":{"start":{"line":16,"column":8},"end":{"line":20,"column":9}},"4":{"start":{"line":17,"column":12},"end":{"line":17,"column":102}},"5":{"start":{"line":19,"column":12},"end":{"line":19,"column":115}},"6":{"start":{"line":24,"column":8},"end":{"line":24,"column":50}},"7":{"start":{"line":27,"column":8},"end":{"line":27,"column":83}},"8":{"start":{"line":28,"column":8},"end":{"line":28,"column":83}},"9":{"start":{"line":29,"column":8},"end":{"line":29,"column":83}},"10":{"start":{"line":32,"column":8},"end":{"line":34,"column":9}},"11":{"start":{"line":32,"column":21},"end":{"line":32,"column":22}},"12":{"start":{"line":33,"column":12},"end":{"line":33,"column":94}},"13":{"start":{"line":37,"column":8},"end":{"line":51,"column":9}},"14":{"start":{"line":38,"column":12},"end":{"line":38,"column":37}},"15":{"start":{"line":39,"column":12},"end":{"line":39,"column":28}},"16":{"start":{"line":40,"column":15},"end":{"line":51,"column":9}},"17":{"start":{"line":41,"column":12},"end":{"line":41,"column":38}},"18":{"start":{"line":42,"column":12},"end":{"line":42,"column":28}},"19":{"start":{"line":43,"column":15},"end":{"line":51,"column":9}},"20":{"start":{"line":44,"column":12},"end":{"line":44,"column":38}},"21":{"start":{"line":45,"column":12},"end":{"line":45,"column":27}},"22":{"start":{"line":46,"column":12},"end":{"line":46,"column":43}},"23":{"start":{"line":47,"column":15},"end":{"line":51,"column":9}},"24":{"start":{"line":48,"column":12},"end":{"line":48,"column":38}},"25":{"start":{"line":49,"column":12},"end":{"line":49,"column":27}},"26":{"start":{"line":50,"column":12},"end":{"line":50,"column":46}},"27":{"start":{"line":53,"column":8},"end":{"line":59,"column":9}},"28":{"start":{"line":54,"column":12},"end":{"line":54,"column":37}},"29":{"start":{"line":55,"column":12},"end":{"line":55,"column":39}},"30":{"start":{"line":57,"column":12},"end":{"line":57,"column":38}},"31":{"start":{"line":58,"column":12},"end":{"line":58,"column":38}},"32":{"start":{"line":62,"column":8},"end":{"line":62,"column":59}},"33":{"start":{"line":63,"column":8},"end":{"line":63,"column":59}},"34":{"start":{"line":65,"column":8},"end":{"line":69,"column":9}},"35":{"start":{"line":66,"column":12},"end":{"line":66,"column":39}},"36":{"start":{"line":67,"column":15},"end":{"line":69,"column":9}},"37":{"start":{"line":68,"column":12},"end":{"line":68,"column":38}},"38":{"start":{"line":71,"column":8},"end":{"line":85,"column":9}},"39":{"start":{"line":72,"column":12},"end":{"line":72,"column":39}},"40":{"start":{"line":73,"column":12},"end":{"line":73,"column":28}},"41":{"start":{"line":74,"column":15},"end":{"line":85,"column":9}},"42":{"start":{"line":75,"column":12},"end":{"line":75,"column":40}},"43":{"start":{"line":76,"column":12},"end":{"line":76,"column":28}},"44":{"start":{"line":77,"column":15},"end":{"line":85,"column":9}},"45":{"start":{"line":78,"column":12},"end":{"line":78,"column":40}},"46":{"start":{"line":79,"column":12},"end":{"line":79,"column":27}},"47":{"start":{"line":80,"column":12},"end":{"line":80,"column":43}},"48":{"start":{"line":81,"column":15},"end":{"line":85,"column":9}},"49":{"start":{"line":82,"column":12},"end":{"line":82,"column":40}},"50":{"start":{"line":83,"column":12},"end":{"line":83,"column":27}},"51":{"start":{"line":84,"column":12},"end":{"line":84,"column":46}},"52":{"start":{"line":87,"column":8},"end":{"line":96,"column":9}},"53":{"start":{"line":88,"column":12},"end":{"line":88,"column":39}},"54":{"start":{"line":89,"column":12},"end":{"line":89,"column":49}},"55":{"start":{"line":90,"column":15},"end":{"line":96,"column":9}},"56":{"start":{"line":91,"column":12},"end":{"line":91,"column":38}},"57":{"start":{"line":92,"column":12},"end":{"line":92,"column":49}},"58":{"start":{"line":93,"column":15},"end":{"line":96,"column":9}},"59":{"start":{"line":94,"column":12},"end":{"line":94,"column":38}},"60":{"start":{"line":95,"column":12},"end":{"line":95,"column":51}},"61":{"start":{"line":98,"column":8},"end":{"line":98,"column":19}},"62":{"start":{"line":103,"column":0},"end":{"line":103,"column":28}}},"fnMap":{"0":{"name":"(anonymous_0)","decl":{"start":{"line":9,"column":4},"end":{"line":9,"column":5}},"loc":{"start":{"line":9,"column":27},"end":{"line":100,"column":5}},"line":9}},"branchMap":{"0":{"loc":{"start":{"line":16,"column":8},"end":{"line":20,"column":9}},"type":"if","locations":[{"start":{"line":16,"column":8},"end":{"line":20,"column":9}},{"start":{"line":18,"column":15},"end":{"line":20,"column":9}}],"line":16},"1":{"loc":{"start":{"line":37,"column":8},"end":{"line":51,"column":9}},"type":"if","locations":[{"start":{"line":37,"column":8},"end":{"line":51,"column":9}},{"start":{"line":40,"column":15},"end":{"line":51,"column":9}}],"line":37},"2":{"loc":{"start":{"line":40,"column":15},"end":{"line":51,"column":9}},"type":"if","locations":[{"start":{"line":40,"column":15},"end":{"line":51,"column":9}},{"start":{"line":43,"column":15},"end":{"line":51,"column":9}}],"line":40},"3":{"loc":{"start":{"line":43,"column":15},"end":{"line":51,"column":9}},"type":"if","locations":[{"start":{"line":43,"column":15},"end":{"line":51,"column":9}},{"start":{"line":47,"column":15},"end":{"line":51,"column":9}}],"line":43},"4":{"loc":{"start":{"line":47,"column":15},"end":{"line":51,"column":9}},"type":"if","locations":[{"start":{"line":47,"column":15},"end":{"line":51,"column":9}},{"start":{},"end":{}}],"line":47},"5":{"loc":{"start":{"line":53,"column":8},"end":{"line":59,"column":9}},"type":"if","locations":[{"start":{"line":53,"column":8},"end":{"line":59,"column":9}},{"start":{"line":56,"column":15},"end":{"line":59,"column":9}}],"line":53},"6":{"loc":{"start":{"line":65,"column":8},"end":{"line":69,"column":9}},"type":"if","locations":[{"start":{"line":65,"column":8},"end":{"line":69,"column":9}},{"start":{"line":67,"column":15},"end":{"line":69,"column":9}}],"line":65},"7":{"loc":{"start":{"line":67,"column":15},"end":{"line":69,"column":9}},"type":"if","locations":[{"start":{"line":67,"column":15},"end":{"line":69,"column":9}},{"start":{},"end":{}}],"line":67},"8":{"loc":{"start":{"line":71,"column":8},"end":{"line":85,"column":9}},"type":"if","locations":[{"start":{"line":71,"column":8},"end":{"line":85,"column":9}},{"start":{"line":74,"column":15},"end":{"line":85,"column":9}}],"line":71},"9":{"loc":{"start":{"line":74,"column":15},"end":{"line":85,"column":9}},"type":"if","locations":[{"start":{"line":74,"column":15},"end":{"line":85,"column":9}},{"start":{"line":77,"column":15},"end":{"line":85,"column":9}}],"line":74},"10":{"loc":{"start":{"line":77,"column":15},"end":{"line":85,"column":9}},"type":"if","locations":[{"start":{"line":77,"column":15},"end":{"line":85,"column":9}},{"start":{"line":81,"column":15},"end":{"line":85,"column":9}}],"line":77},"11":{"loc":{"start":{"line":81,"column":15},"end":{"line":85,"column":9}},"type":"if","locations":[{"start":{"line":81,"column":15},"end":{"line":85,"column":9}},{"start":{},"end":{}}],"line":81},"12":{"loc":{"start":{"line":87,"column":8},"end":{"line":96,"column":9}},"type":"if","locations":[{"start":{"line":87,"column":8},"end":{"line":96,"column":9}},{"start":{"line":90,"column":15},"end":{"line":96,"column":9}}],"line":87},"13":{"loc":{"start":{"line":90,"column":15},"end":{"line":96,"column":9}},"type":"if","locations":[{"start":{"line":90,"column":15},"end":{"line":96,"column":9}},{"start":{"line":93,"column":15},"end":{"line":96,"column":9}}],"line":90},"14":{"loc":{"start":{"line":93,"column":15},"end":{"line":96,"column":9}},"type":"if","locations":[{"start":{"line":93,"column":15},"end":{"line":96,"column":9}},{"start":{},"end":{}}],"line":93}},"s":{"0":1,"1":1,"2":1,"3":1,"4":0,"5":1,"6":1,"7":1,"8":1,"9":1,"10":1,"11":1,"12":13,"13":1,"14":0,"15":0,"16":1,"17":1,"18":1,"19":0,"20":0,"21":0,"22":0,"23":0,"24":0,"25":0,"26":0,"27":1,"28":1,"29":1,"30":0,"31":0,"32":1,"33":1,"34":1,"35":0,"36":1,"37":1,"38":1,"39":0,"40":0,"41":1,"42":1,"43":1,"44":0,"45":0,"46":0,"47":0,"48":0,"49":0,"50":0,"51":0,"52":1,"53":1,"54":1,"55":0,"56":0,"57":0,"58":0,"59":0,"60":0,"61":1,"62":1},"f":{"0":1},"b":{"0":[0,1],"1":[0,1],"2":[1,0],"3":[0,0],"4":[0,0],"5":[1,0],"6":[0,1],"7":[1,0],"8":[0,1],"9":[1,0],"10":[0,0],"11":[0,0],"12":[1,0],"13":[0,0],"14":[0,0]},"_coverageSchema":"1a1c01bbd47fc00a2c39e90264f33305004495a9","hash":"2043607d802e5f93d2d6e1d15892e689d2b76a0f"}
,"/Users/mderoir/Desktop/STRAM/G552/api552/Data/Frame/Frame_0x38.js": {"path":"/Users/mderoir/Desktop/STRAM/G552/api552/Data/Frame/Frame_0x38.js","statementMap":{"0":{"start":{"line":1,"column":23},"end":{"line":1,"column":57}},"1":{"start":{"line":2,"column":12},"end":{"line":2,"column":42}},"2":{"start":{"line":10,"column":20},"end":{"line":12,"column":9}},"3":{"start":{"line":16,"column":8},"end":{"line":20,"column":9}},"4":{"start":{"line":17,"column":12},"end":{"line":17,"column":102}},"5":{"start":{"line":19,"column":12},"end":{"line":19,"column":115}},"6":{"start":{"line":24,"column":8},"end":{"line":24,"column":49}},"7":{"start":{"line":27,"column":8},"end":{"line":27,"column":82}},"8":{"start":{"line":28,"column":8},"end":{"line":28,"column":82}},"9":{"start":{"line":29,"column":8},"end":{"line":29,"column":82}},"10":{"start":{"line":32,"column":8},"end":{"line":34,"column":9}},"11":{"start":{"line":32,"column":21},"end":{"line":32,"column":22}},"12":{"start":{"line":33,"column":12},"end":{"line":33,"column":101}},"13":{"start":{"line":37,"column":8},"end":{"line":51,"column":9}},"14":{"start":{"line":38,"column":12},"end":{"line":38,"column":37}},"15":{"start":{"line":39,"column":12},"end":{"line":39,"column":28}},"16":{"start":{"line":40,"column":15},"end":{"line":51,"column":9}},"17":{"start":{"line":41,"column":12},"end":{"line":41,"column":38}},"18":{"start":{"line":42,"column":12},"end":{"line":42,"column":28}},"19":{"start":{"line":43,"column":15},"end":{"line":51,"column":9}},"20":{"start":{"line":44,"column":12},"end":{"line":44,"column":38}},"21":{"start":{"line":45,"column":12},"end":{"line":45,"column":27}},"22":{"start":{"line":46,"column":12},"end":{"line":46,"column":43}},"23":{"start":{"line":47,"column":15},"end":{"line":51,"column":9}},"24":{"start":{"line":48,"column":12},"end":{"line":48,"column":38}},"25":{"start":{"line":49,"column":12},"end":{"line":49,"column":27}},"26":{"start":{"line":50,"column":12},"end":{"line":50,"column":46}},"27":{"start":{"line":53,"column":8},"end":{"line":59,"column":9}},"28":{"start":{"line":54,"column":12},"end":{"line":54,"column":37}},"29":{"start":{"line":55,"column":12},"end":{"line":55,"column":39}},"30":{"start":{"line":57,"column":12},"end":{"line":57,"column":38}},"31":{"start":{"line":58,"column":12},"end":{"line":58,"column":38}},"32":{"start":{"line":62,"column":8},"end":{"line":62,"column":59}},"33":{"start":{"line":63,"column":8},"end":{"line":63,"column":59}},"34":{"start":{"line":65,"column":8},"end":{"line":69,"column":9}},"35":{"start":{"line":66,"column":12},"end":{"line":66,"column":39}},"36":{"start":{"line":67,"column":15},"end":{"line":69,"column":9}},"37":{"start":{"line":68,"column":12},"end":{"line":68,"column":38}},"38":{"start":{"line":71,"column":8},"end":{"line":85,"column":9}},"39":{"start":{"line":72,"column":12},"end":{"line":72,"column":39}},"40":{"start":{"line":73,"column":12},"end":{"line":73,"column":28}},"41":{"start":{"line":74,"column":15},"end":{"line":85,"column":9}},"42":{"start":{"line":75,"column":12},"end":{"line":75,"column":40}},"43":{"start":{"line":76,"column":12},"end":{"line":76,"column":28}},"44":{"start":{"line":77,"column":15},"end":{"line":85,"column":9}},"45":{"start":{"line":78,"column":12},"end":{"line":78,"column":40}},"46":{"start":{"line":79,"column":12},"end":{"line":79,"column":27}},"47":{"start":{"line":80,"column":12},"end":{"line":80,"column":43}},"48":{"start":{"line":81,"column":15},"end":{"line":85,"column":9}},"49":{"start":{"line":82,"column":12},"end":{"line":82,"column":40}},"50":{"start":{"line":83,"column":12},"end":{"line":83,"column":27}},"51":{"start":{"line":84,"column":12},"end":{"line":84,"column":46}},"52":{"start":{"line":87,"column":8},"end":{"line":96,"column":9}},"53":{"start":{"line":88,"column":12},"end":{"line":88,"column":39}},"54":{"start":{"line":89,"column":12},"end":{"line":89,"column":49}},"55":{"start":{"line":90,"column":15},"end":{"line":96,"column":9}},"56":{"start":{"line":91,"column":12},"end":{"line":91,"column":38}},"57":{"start":{"line":92,"column":12},"end":{"line":92,"column":49}},"58":{"start":{"line":93,"column":15},"end":{"line":96,"column":9}},"59":{"start":{"line":94,"column":12},"end":{"line":94,"column":38}},"60":{"start":{"line":95,"column":12},"end":{"line":95,"column":51}},"61":{"start":{"line":98,"column":8},"end":{"line":98,"column":19}},"62":{"start":{"line":103,"column":0},"end":{"line":103,"column":28}}},"fnMap":{"0":{"name":"(anonymous_0)","decl":{"start":{"line":9,"column":4},"end":{"line":9,"column":5}},"loc":{"start":{"line":9,"column":27},"end":{"line":100,"column":5}},"line":9}},"branchMap":{"0":{"loc":{"start":{"line":16,"column":8},"end":{"line":20,"column":9}},"type":"if","locations":[{"start":{"line":16,"column":8},"end":{"line":20,"column":9}},{"start":{"line":18,"column":15},"end":{"line":20,"column":9}}],"line":16},"1":{"loc":{"start":{"line":37,"column":8},"end":{"line":51,"column":9}},"type":"if","locations":[{"start":{"line":37,"column":8},"end":{"line":51,"column":9}},{"start":{"line":40,"column":15},"end":{"line":51,"column":9}}],"line":37},"2":{"loc":{"start":{"line":40,"column":15},"end":{"line":51,"column":9}},"type":"if","locations":[{"start":{"line":40,"column":15},"end":{"line":51,"column":9}},{"start":{"line":43,"column":15},"end":{"line":51,"column":9}}],"line":40},"3":{"loc":{"start":{"line":43,"column":15},"end":{"line":51,"column":9}},"type":"if","locations":[{"start":{"line":43,"column":15},"end":{"line":51,"column":9}},{"start":{"line":47,"column":15},"end":{"line":51,"column":9}}],"line":43},"4":{"loc":{"start":{"line":47,"column":15},"end":{"line":51,"column":9}},"type":"if","locations":[{"start":{"line":47,"column":15},"end":{"line":51,"column":9}},{"start":{},"end":{}}],"line":47},"5":{"loc":{"start":{"line":53,"column":8},"end":{"line":59,"column":9}},"type":"if","locations":[{"start":{"line":53,"column":8},"end":{"line":59,"column":9}},{"start":{"line":56,"column":15},"end":{"line":59,"column":9}}],"line":53},"6":{"loc":{"start":{"line":65,"column":8},"end":{"line":69,"column":9}},"type":"if","locations":[{"start":{"line":65,"column":8},"end":{"line":69,"column":9}},{"start":{"line":67,"column":15},"end":{"line":69,"column":9}}],"line":65},"7":{"loc":{"start":{"line":67,"column":15},"end":{"line":69,"column":9}},"type":"if","locations":[{"start":{"line":67,"column":15},"end":{"line":69,"column":9}},{"start":{},"end":{}}],"line":67},"8":{"loc":{"start":{"line":71,"column":8},"end":{"line":85,"column":9}},"type":"if","locations":[{"start":{"line":71,"column":8},"end":{"line":85,"column":9}},{"start":{"line":74,"column":15},"end":{"line":85,"column":9}}],"line":71},"9":{"loc":{"start":{"line":74,"column":15},"end":{"line":85,"column":9}},"type":"if","locations":[{"start":{"line":74,"column":15},"end":{"line":85,"column":9}},{"start":{"line":77,"column":15},"end":{"line":85,"column":9}}],"line":74},"10":{"loc":{"start":{"line":77,"column":15},"end":{"line":85,"column":9}},"type":"if","locations":[{"start":{"line":77,"column":15},"end":{"line":85,"column":9}},{"start":{"line":81,"column":15},"end":{"line":85,"column":9}}],"line":77},"11":{"loc":{"start":{"line":81,"column":15},"end":{"line":85,"column":9}},"type":"if","locations":[{"start":{"line":81,"column":15},"end":{"line":85,"column":9}},{"start":{},"end":{}}],"line":81},"12":{"loc":{"start":{"line":87,"column":8},"end":{"line":96,"column":9}},"type":"if","locations":[{"start":{"line":87,"column":8},"end":{"line":96,"column":9}},{"start":{"line":90,"column":15},"end":{"line":96,"column":9}}],"line":87},"13":{"loc":{"start":{"line":90,"column":15},"end":{"line":96,"column":9}},"type":"if","locations":[{"start":{"line":90,"column":15},"end":{"line":96,"column":9}},{"start":{"line":93,"column":15},"end":{"line":96,"column":9}}],"line":90},"14":{"loc":{"start":{"line":93,"column":15},"end":{"line":96,"column":9}},"type":"if","locations":[{"start":{"line":93,"column":15},"end":{"line":96,"column":9}},{"start":{},"end":{}}],"line":93}},"s":{"0":1,"1":1,"2":1,"3":1,"4":1,"5":0,"6":1,"7":1,"8":1,"9":1,"10":1,"11":1,"12":13,"13":1,"14":1,"15":1,"16":0,"17":0,"18":0,"19":0,"20":0,"21":0,"22":0,"23":0,"24":0,"25":0,"26":0,"27":1,"28":0,"29":0,"30":1,"31":1,"32":1,"33":1,"34":1,"35":0,"36":1,"37":1,"38":1,"39":1,"40":1,"41":0,"42":0,"43":0,"44":0,"45":0,"46":0,"47":0,"48":0,"49":0,"50":0,"51":0,"52":1,"53":1,"54":1,"55":0,"56":0,"57":0,"58":0,"59":0,"60":0,"61":1,"62":1},"f":{"0":1},"b":{"0":[1,0],"1":[1,0],"2":[0,0],"3":[0,0],"4":[0,0],"5":[0,1],"6":[0,1],"7":[1,0],"8":[1,0],"9":[0,0],"10":[0,0],"11":[0,0],"12":[1,0],"13":[0,0],"14":[0,0]},"_coverageSchema":"1a1c01bbd47fc00a2c39e90264f33305004495a9","hash":"8c1e140c03ba5a0b1042384114f9e9cb268d1949"}
,"/Users/mderoir/Desktop/STRAM/G552/api552/Data/Frame/Frame_0x3A.js": {"path":"/Users/mderoir/Desktop/STRAM/G552/api552/Data/Frame/Frame_0x3A.js","statementMap":{"0":{"start":{"line":1,"column":23},"end":{"line":1,"column":57}},"1":{"start":{"line":2,"column":12},"end":{"line":2,"column":42}},"2":{"start":{"line":11,"column":20},"end":{"line":13,"column":9}},"3":{"start":{"line":17,"column":8},"end":{"line":22,"column":9}},"4":{"start":{"line":18,"column":12},"end":{"line":18,"column":102}},"5":{"start":{"line":21,"column":12},"end":{"line":21,"column":115}},"6":{"start":{"line":25,"column":8},"end":{"line":25,"column":68}},"7":{"start":{"line":28,"column":8},"end":{"line":28,"column":70}},"8":{"start":{"line":31,"column":8},"end":{"line":31,"column":56}},"9":{"start":{"line":32,"column":8},"end":{"line":32,"column":57}},"10":{"start":{"line":35,"column":8},"end":{"line":49,"column":9}},"11":{"start":{"line":36,"column":12},"end":{"line":36,"column":37}},"12":{"start":{"line":37,"column":12},"end":{"line":37,"column":28}},"13":{"start":{"line":38,"column":15},"end":{"line":49,"column":9}},"14":{"start":{"line":39,"column":12},"end":{"line":39,"column":38}},"15":{"start":{"line":40,"column":12},"end":{"line":40,"column":28}},"16":{"start":{"line":41,"column":15},"end":{"line":49,"column":9}},"17":{"start":{"line":42,"column":12},"end":{"line":42,"column":38}},"18":{"start":{"line":43,"column":12},"end":{"line":43,"column":27}},"19":{"start":{"line":44,"column":12},"end":{"line":44,"column":43}},"20":{"start":{"line":45,"column":15},"end":{"line":49,"column":9}},"21":{"start":{"line":46,"column":12},"end":{"line":46,"column":38}},"22":{"start":{"line":47,"column":12},"end":{"line":47,"column":27}},"23":{"start":{"line":48,"column":12},"end":{"line":48,"column":46}},"24":{"start":{"line":51,"column":8},"end":{"line":57,"column":9}},"25":{"start":{"line":52,"column":12},"end":{"line":52,"column":37}},"26":{"start":{"line":53,"column":12},"end":{"line":53,"column":39}},"27":{"start":{"line":55,"column":12},"end":{"line":55,"column":38}},"28":{"start":{"line":56,"column":12},"end":{"line":56,"column":38}},"29":{"start":{"line":60,"column":8},"end":{"line":60,"column":44}},"30":{"start":{"line":62,"column":8},"end":{"line":64,"column":9}},"31":{"start":{"line":62,"column":21},"end":{"line":62,"column":22}},"32":{"start":{"line":63,"column":12},"end":{"line":63,"column":101}},"33":{"start":{"line":67,"column":8},"end":{"line":67,"column":45}},"34":{"start":{"line":69,"column":8},"end":{"line":71,"column":9}},"35":{"start":{"line":69,"column":21},"end":{"line":69,"column":22}},"36":{"start":{"line":70,"column":12},"end":{"line":70,"column":102}},"37":{"start":{"line":74,"column":8},"end":{"line":89,"column":9}},"38":{"start":{"line":75,"column":12},"end":{"line":75,"column":33}},"39":{"start":{"line":76,"column":12},"end":{"line":76,"column":34}},"40":{"start":{"line":77,"column":15},"end":{"line":89,"column":9}},"41":{"start":{"line":78,"column":12},"end":{"line":78,"column":33}},"42":{"start":{"line":79,"column":12},"end":{"line":79,"column":34}},"43":{"start":{"line":80,"column":15},"end":{"line":89,"column":9}},"44":{"start":{"line":81,"column":12},"end":{"line":81,"column":33}},"45":{"start":{"line":82,"column":12},"end":{"line":82,"column":34}},"46":{"start":{"line":83,"column":15},"end":{"line":89,"column":9}},"47":{"start":{"line":84,"column":12},"end":{"line":84,"column":33}},"48":{"start":{"line":85,"column":12},"end":{"line":85,"column":34}},"49":{"start":{"line":87,"column":12},"end":{"line":87,"column":33}},"50":{"start":{"line":88,"column":12},"end":{"line":88,"column":34}},"51":{"start":{"line":92,"column":8},"end":{"line":101,"column":9}},"52":{"start":{"line":93,"column":12},"end":{"line":93,"column":35}},"53":{"start":{"line":94,"column":12},"end":{"line":94,"column":37}},"54":{"start":{"line":95,"column":15},"end":{"line":101,"column":9}},"55":{"start":{"line":96,"column":12},"end":{"line":96,"column":36}},"56":{"start":{"line":97,"column":12},"end":{"line":97,"column":36}},"57":{"start":{"line":99,"column":12},"end":{"line":99,"column":36}},"58":{"start":{"line":100,"column":12},"end":{"line":100,"column":37}},"59":{"start":{"line":102,"column":8},"end":{"line":102,"column":19}},"60":{"start":{"line":106,"column":0},"end":{"line":106,"column":28}}},"fnMap":{"0":{"name":"(anonymous_0)","decl":{"start":{"line":9,"column":4},"end":{"line":9,"column":5}},"loc":{"start":{"line":9,"column":26},"end":{"line":103,"column":5}},"line":9}},"branchMap":{"0":{"loc":{"start":{"line":17,"column":8},"end":{"line":22,"column":9}},"type":"if","locations":[{"start":{"line":17,"column":8},"end":{"line":22,"column":9}},{"start":{"line":20,"column":13},"end":{"line":22,"column":9}}],"line":17},"1":{"loc":{"start":{"line":35,"column":8},"end":{"line":49,"column":9}},"type":"if","locations":[{"start":{"line":35,"column":8},"end":{"line":49,"column":9}},{"start":{"line":38,"column":15},"end":{"line":49,"column":9}}],"line":35},"2":{"loc":{"start":{"line":38,"column":15},"end":{"line":49,"column":9}},"type":"if","locations":[{"start":{"line":38,"column":15},"end":{"line":49,"column":9}},{"start":{"line":41,"column":15},"end":{"line":49,"column":9}}],"line":38},"3":{"loc":{"start":{"line":41,"column":15},"end":{"line":49,"column":9}},"type":"if","locations":[{"start":{"line":41,"column":15},"end":{"line":49,"column":9}},{"start":{"line":45,"column":15},"end":{"line":49,"column":9}}],"line":41},"4":{"loc":{"start":{"line":45,"column":15},"end":{"line":49,"column":9}},"type":"if","locations":[{"start":{"line":45,"column":15},"end":{"line":49,"column":9}},{"start":{},"end":{}}],"line":45},"5":{"loc":{"start":{"line":51,"column":8},"end":{"line":57,"column":9}},"type":"if","locations":[{"start":{"line":51,"column":8},"end":{"line":57,"column":9}},{"start":{"line":54,"column":15},"end":{"line":57,"column":9}}],"line":51},"6":{"loc":{"start":{"line":74,"column":8},"end":{"line":89,"column":9}},"type":"if","locations":[{"start":{"line":74,"column":8},"end":{"line":89,"column":9}},{"start":{"line":77,"column":15},"end":{"line":89,"column":9}}],"line":74},"7":{"loc":{"start":{"line":77,"column":15},"end":{"line":89,"column":9}},"type":"if","locations":[{"start":{"line":77,"column":15},"end":{"line":89,"column":9}},{"start":{"line":80,"column":15},"end":{"line":89,"column":9}}],"line":77},"8":{"loc":{"start":{"line":80,"column":15},"end":{"line":89,"column":9}},"type":"if","locations":[{"start":{"line":80,"column":15},"end":{"line":89,"column":9}},{"start":{"line":83,"column":15},"end":{"line":89,"column":9}}],"line":80},"9":{"loc":{"start":{"line":83,"column":15},"end":{"line":89,"column":9}},"type":"if","locations":[{"start":{"line":83,"column":15},"end":{"line":89,"column":9}},{"start":{"line":86,"column":15},"end":{"line":89,"column":9}}],"line":83},"10":{"loc":{"start":{"line":92,"column":8},"end":{"line":101,"column":9}},"type":"if","locations":[{"start":{"line":92,"column":8},"end":{"line":101,"column":9}},{"start":{"line":95,"column":15},"end":{"line":101,"column":9}}],"line":92},"11":{"loc":{"start":{"line":95,"column":15},"end":{"line":101,"column":9}},"type":"if","locations":[{"start":{"line":95,"column":15},"end":{"line":101,"column":9}},{"start":{"line":98,"column":15},"end":{"line":101,"column":9}}],"line":95}},"s":{"0":1,"1":1,"2":1,"3":1,"4":1,"5":0,"6":1,"7":1,"8":1,"9":1,"10":1,"11":1,"12":1,"13":0,"14":0,"15":0,"16":0,"17":0,"18":0,"19":0,"20":0,"21":0,"22":0,"23":0,"24":1,"25":1,"26":1,"27":0,"28":0,"29":1,"30":1,"31":1,"32":4,"33":1,"34":1,"35":1,"36":4,"37":1,"38":1,"39":1,"40":0,"41":0,"42":0,"43":0,"44":0,"45":0,"46":0,"47":0,"48":0,"49":0,"50":0,"51":1,"52":0,"53":0,"54":1,"55":0,"56":0,"57":1,"58":1,"59":1,"60":1},"f":{"0":1},"b":{"0":[1,0],"1":[1,0],"2":[0,0],"3":[0,0],"4":[0,0],"5":[1,0],"6":[1,0],"7":[0,0],"8":[0,0],"9":[0,0],"10":[0,1],"11":[0,1]},"_coverageSchema":"1a1c01bbd47fc00a2c39e90264f33305004495a9","hash":"2b092c332a59d790fe25af88861f3480ddf56a70"}
,"/Users/mderoir/Desktop/STRAM/G552/api552/Data/Frame/Frame_0x3C.js": {"path":"/Users/mderoir/Desktop/STRAM/G552/api552/Data/Frame/Frame_0x3C.js","statementMap":{"0":{"start":{"line":1,"column":23},"end":{"line":1,"column":65}},"1":{"start":{"line":2,"column":15},"end":{"line":2,"column":47}},"2":{"start":{"line":10,"column":18},"end":{"line":13,"column":9}},"3":{"start":{"line":15,"column":8},"end":{"line":20,"column":9}},"4":{"start":{"line":16,"column":12},"end":{"line":16,"column":102}},"5":{"start":{"line":18,"column":12},"end":{"line":18,"column":116}},"6":{"start":{"line":22,"column":8},"end":{"line":22,"column":41}},"7":{"start":{"line":24,"column":8},"end":{"line":24,"column":48}},"8":{"start":{"line":25,"column":8},"end":{"line":25,"column":49}},"9":{"start":{"line":26,"column":8},"end":{"line":29,"column":9}},"10":{"start":{"line":26,"column":21},"end":{"line":26,"column":22}},"11":{"start":{"line":27,"column":12},"end":{"line":27,"column":74}},"12":{"start":{"line":28,"column":12},"end":{"line":28,"column":75}},"13":{"start":{"line":31,"column":8},"end":{"line":31,"column":19}},"14":{"start":{"line":35,"column":0},"end":{"line":35,"column":28}}},"fnMap":{"0":{"name":"(anonymous_0)","decl":{"start":{"line":9,"column":4},"end":{"line":9,"column":5}},"loc":{"start":{"line":9,"column":27},"end":{"line":32,"column":5}},"line":9}},"branchMap":{"0":{"loc":{"start":{"line":15,"column":8},"end":{"line":20,"column":9}},"type":"if","locations":[{"start":{"line":15,"column":8},"end":{"line":20,"column":9}},{"start":{"line":17,"column":15},"end":{"line":20,"column":9}}],"line":15}},"s":{"0":1,"1":1,"2":2,"3":2,"4":1,"5":1,"6":2,"7":2,"8":2,"9":2,"10":2,"11":28,"12":28,"13":2,"14":1},"f":{"0":2},"b":{"0":[1,1]},"_coverageSchema":"1a1c01bbd47fc00a2c39e90264f33305004495a9","hash":"51a4ecb2736bba3e747aabc435e89a9ab77b37f5"}
,"/Users/mderoir/Desktop/STRAM/G552/api552/Data/Frame/Frame_0x62_PlayerNames.js": {"path":"/Users/mderoir/Desktop/STRAM/G552/api552/Data/Frame/Frame_0x62_PlayerNames.js","statementMap":{"0":{"start":{"line":1,"column":24},"end":{"line":1,"column":49}},"1":{"start":{"line":2,"column":23},"end":{"line":2,"column":57}},"2":{"start":{"line":13,"column":24},"end":{"line":13,"column":52}},"3":{"start":{"line":16,"column":20},"end":{"line":23,"column":9}},"4":{"start":{"line":26,"column":33},"end":{"line":31,"column":10}},"5":{"start":{"line":27,"column":12},"end":{"line":29,"column":13}},"6":{"start":{"line":28,"column":16},"end":{"line":28,"column":28}},"7":{"start":{"line":30,"column":12},"end":{"line":30,"column":24}},"8":{"start":{"line":34,"column":28},"end":{"line":34,"column":46}},"9":{"start":{"line":36,"column":8},"end":{"line":52,"column":9}},"10":{"start":{"line":38,"column":12},"end":{"line":38,"column":111}},"11":{"start":{"line":41,"column":12},"end":{"line":51,"column":13}},"12":{"start":{"line":42,"column":16},"end":{"line":42,"column":57}},"13":{"start":{"line":46,"column":17},"end":{"line":51,"column":13}},"14":{"start":{"line":47,"column":16},"end":{"line":47,"column":57}},"15":{"start":{"line":50,"column":16},"end":{"line":50,"column":113}},"16":{"start":{"line":55,"column":8},"end":{"line":55,"column":19}},"17":{"start":{"line":60,"column":0},"end":{"line":60,"column":40}}},"fnMap":{"0":{"name":"(anonymous_0)","decl":{"start":{"line":11,"column":4},"end":{"line":11,"column":5}},"loc":{"start":{"line":11,"column":27},"end":{"line":56,"column":5}},"line":11},"1":{"name":"(anonymous_1)","decl":{"start":{"line":26,"column":46},"end":{"line":26,"column":47}},"loc":{"start":{"line":26,"column":56},"end":{"line":31,"column":9}},"line":26}},"branchMap":{"0":{"loc":{"start":{"line":27,"column":12},"end":{"line":29,"column":13}},"type":"if","locations":[{"start":{"line":27,"column":12},"end":{"line":29,"column":13}},{"start":{},"end":{}}],"line":27},"1":{"loc":{"start":{"line":36,"column":8},"end":{"line":52,"column":9}},"type":"if","locations":[{"start":{"line":36,"column":8},"end":{"line":52,"column":9}},{"start":{},"end":{}}],"line":36},"2":{"loc":{"start":{"line":36,"column":12},"end":{"line":36,"column":48}},"type":"binary-expr","locations":[{"start":{"line":36,"column":12},"end":{"line":36,"column":28}},{"start":{"line":36,"column":32},"end":{"line":36,"column":48}}],"line":36},"3":{"loc":{"start":{"line":41,"column":12},"end":{"line":51,"column":13}},"type":"if","locations":[{"start":{"line":41,"column":12},"end":{"line":51,"column":13}},{"start":{"line":46,"column":17},"end":{"line":51,"column":13}}],"line":41},"4":{"loc":{"start":{"line":41,"column":16},"end":{"line":41,"column":78}},"type":"binary-expr","locations":[{"start":{"line":41,"column":16},"end":{"line":41,"column":45}},{"start":{"line":41,"column":49},"end":{"line":41,"column":78}}],"line":41},"5":{"loc":{"start":{"line":46,"column":17},"end":{"line":51,"column":13}},"type":"if","locations":[{"start":{"line":46,"column":17},"end":{"line":51,"column":13}},{"start":{"line":48,"column":19},"end":{"line":51,"column":13}}],"line":46},"6":{"loc":{"start":{"line":46,"column":21},"end":{"line":46,"column":83}},"type":"binary-expr","locations":[{"start":{"line":46,"column":21},"end":{"line":46,"column":50}},{"start":{"line":46,"column":54},"end":{"line":46,"column":83}}],"line":46}},"s":{"0":1,"1":1,"2":3,"3":3,"4":3,"5":162,"6":0,"7":162,"8":3,"9":3,"10":3,"11":3,"12":1,"13":2,"14":0,"15":2,"16":3,"17":1},"f":{"0":3,"1":162},"b":{"0":[0,162],"1":[3,0],"2":[3,3],"3":[1,2],"4":[3,1],"5":[0,2],"6":[2,0]},"_coverageSchema":"1a1c01bbd47fc00a2c39e90264f33305004495a9","hash":"717554e8ebb82e4670efa5a5b2a783fcb941da67"}
,"/Users/mderoir/Desktop/STRAM/G552/api552/Data/Frame/Frame_0x62_TeamNames.js": {"path":"/Users/mderoir/Desktop/STRAM/G552/api552/Data/Frame/Frame_0x62_TeamNames.js","statementMap":{"0":{"start":{"line":1,"column":26},"end":{"line":1,"column":51}},"1":{"start":{"line":9,"column":22},"end":{"line":9,"column":50}},"2":{"start":{"line":11,"column":20},"end":{"line":13,"column":9}},"3":{"start":{"line":15,"column":31},"end":{"line":15,"column":44}},"4":{"start":{"line":17,"column":8},"end":{"line":22,"column":9}},"5":{"start":{"line":17,"column":21},"end":{"line":17,"column":22}},"6":{"start":{"line":18,"column":12},"end":{"line":20,"column":13}},"7":{"start":{"line":19,"column":16},"end":{"line":19,"column":40}},"8":{"start":{"line":21,"column":12},"end":{"line":21,"column":16}},"9":{"start":{"line":24,"column":8},"end":{"line":24,"column":83}},"10":{"start":{"line":25,"column":8},"end":{"line":27,"column":9}},"11":{"start":{"line":26,"column":12},"end":{"line":26,"column":89}},"12":{"start":{"line":29,"column":8},"end":{"line":29,"column":31}},"13":{"start":{"line":30,"column":8},"end":{"line":32,"column":9}},"14":{"start":{"line":31,"column":12},"end":{"line":31,"column":89}},"15":{"start":{"line":33,"column":8},"end":{"line":33,"column":86}},"16":{"start":{"line":35,"column":8},"end":{"line":35,"column":19}},"17":{"start":{"line":39,"column":0},"end":{"line":39,"column":38}}},"fnMap":{"0":{"name":"(anonymous_0)","decl":{"start":{"line":8,"column":4},"end":{"line":8,"column":5}},"loc":{"start":{"line":8,"column":27},"end":{"line":36,"column":5}},"line":8}},"branchMap":{"0":{"loc":{"start":{"line":18,"column":12},"end":{"line":20,"column":13}},"type":"if","locations":[{"start":{"line":18,"column":12},"end":{"line":20,"column":13}},{"start":{},"end":{}}],"line":18},"1":{"loc":{"start":{"line":25,"column":8},"end":{"line":27,"column":9}},"type":"if","locations":[{"start":{"line":25,"column":8},"end":{"line":27,"column":9}},{"start":{},"end":{}}],"line":25},"2":{"loc":{"start":{"line":25,"column":12},"end":{"line":25,"column":74}},"type":"binary-expr","locations":[{"start":{"line":25,"column":12},"end":{"line":25,"column":41}},{"start":{"line":25,"column":45},"end":{"line":25,"column":74}}],"line":25},"3":{"loc":{"start":{"line":30,"column":8},"end":{"line":32,"column":9}},"type":"if","locations":[{"start":{"line":30,"column":8},"end":{"line":32,"column":9}},{"start":{},"end":{}}],"line":30},"4":{"loc":{"start":{"line":30,"column":12},"end":{"line":30,"column":74}},"type":"binary-expr","locations":[{"start":{"line":30,"column":12},"end":{"line":30,"column":41}},{"start":{"line":30,"column":45},"end":{"line":30,"column":74}}],"line":30}},"s":{"0":1,"1":2,"2":2,"3":2,"4":2,"5":2,"6":54,"7":11,"8":54,"9":2,"10":2,"11":0,"12":2,"13":2,"14":0,"15":2,"16":2,"17":1},"f":{"0":2},"b":{"0":[11,43],"1":[0,2],"2":[2,1],"3":[0,2],"4":[2,0]},"_coverageSchema":"1a1c01bbd47fc00a2c39e90264f33305004495a9","hash":"08448f2f4627bb8072e04074ea5ca125e68ed2ce"}
,"/Users/mderoir/Desktop/STRAM/G552/api552/Data/Frame/Frame_0x6C.js": {"path":"/Users/mderoir/Desktop/STRAM/G552/api552/Data/Frame/Frame_0x6C.js","statementMap":{"0":{"start":{"line":1,"column":23},"end":{"line":1,"column":57}},"1":{"start":{"line":2,"column":12},"end":{"line":2,"column":42}},"2":{"start":{"line":11,"column":20},"end":{"line":13,"column":9}},"3":{"start":{"line":16,"column":8},"end":{"line":21,"column":9}},"4":{"start":{"line":17,"column":12},"end":{"line":17,"column":102}},"5":{"start":{"line":20,"column":12},"end":{"line":20,"column":115}},"6":{"start":{"line":24,"column":8},"end":{"line":24,"column":68}},"7":{"start":{"line":27,"column":8},"end":{"line":27,"column":70}},"8":{"start":{"line":30,"column":8},"end":{"line":30,"column":56}},"9":{"start":{"line":31,"column":8},"end":{"line":31,"column":57}},"10":{"start":{"line":34,"column":8},"end":{"line":48,"column":9}},"11":{"start":{"line":35,"column":12},"end":{"line":35,"column":37}},"12":{"start":{"line":36,"column":12},"end":{"line":36,"column":28}},"13":{"start":{"line":37,"column":15},"end":{"line":48,"column":9}},"14":{"start":{"line":38,"column":12},"end":{"line":38,"column":38}},"15":{"start":{"line":39,"column":12},"end":{"line":39,"column":28}},"16":{"start":{"line":40,"column":15},"end":{"line":48,"column":9}},"17":{"start":{"line":41,"column":12},"end":{"line":41,"column":38}},"18":{"start":{"line":42,"column":12},"end":{"line":42,"column":27}},"19":{"start":{"line":43,"column":12},"end":{"line":43,"column":43}},"20":{"start":{"line":44,"column":15},"end":{"line":48,"column":9}},"21":{"start":{"line":45,"column":12},"end":{"line":45,"column":38}},"22":{"start":{"line":46,"column":12},"end":{"line":46,"column":27}},"23":{"start":{"line":47,"column":12},"end":{"line":47,"column":46}},"24":{"start":{"line":50,"column":8},"end":{"line":56,"column":9}},"25":{"start":{"line":51,"column":12},"end":{"line":51,"column":37}},"26":{"start":{"line":52,"column":12},"end":{"line":52,"column":39}},"27":{"start":{"line":54,"column":12},"end":{"line":54,"column":38}},"28":{"start":{"line":55,"column":12},"end":{"line":55,"column":38}},"29":{"start":{"line":59,"column":8},"end":{"line":59,"column":44}},"30":{"start":{"line":61,"column":8},"end":{"line":63,"column":9}},"31":{"start":{"line":61,"column":21},"end":{"line":61,"column":22}},"32":{"start":{"line":62,"column":12},"end":{"line":62,"column":101}},"33":{"start":{"line":66,"column":8},"end":{"line":66,"column":45}},"34":{"start":{"line":68,"column":8},"end":{"line":70,"column":9}},"35":{"start":{"line":68,"column":21},"end":{"line":68,"column":22}},"36":{"start":{"line":69,"column":12},"end":{"line":69,"column":102}},"37":{"start":{"line":73,"column":8},"end":{"line":88,"column":9}},"38":{"start":{"line":74,"column":12},"end":{"line":74,"column":33}},"39":{"start":{"line":75,"column":12},"end":{"line":75,"column":34}},"40":{"start":{"line":76,"column":15},"end":{"line":88,"column":9}},"41":{"start":{"line":77,"column":12},"end":{"line":77,"column":33}},"42":{"start":{"line":78,"column":12},"end":{"line":78,"column":34}},"43":{"start":{"line":79,"column":15},"end":{"line":88,"column":9}},"44":{"start":{"line":80,"column":12},"end":{"line":80,"column":33}},"45":{"start":{"line":81,"column":12},"end":{"line":81,"column":34}},"46":{"start":{"line":82,"column":15},"end":{"line":88,"column":9}},"47":{"start":{"line":83,"column":12},"end":{"line":83,"column":33}},"48":{"start":{"line":84,"column":12},"end":{"line":84,"column":34}},"49":{"start":{"line":86,"column":12},"end":{"line":86,"column":33}},"50":{"start":{"line":87,"column":12},"end":{"line":87,"column":34}},"51":{"start":{"line":91,"column":8},"end":{"line":100,"column":9}},"52":{"start":{"line":92,"column":12},"end":{"line":92,"column":35}},"53":{"start":{"line":93,"column":12},"end":{"line":93,"column":37}},"54":{"start":{"line":94,"column":15},"end":{"line":100,"column":9}},"55":{"start":{"line":95,"column":12},"end":{"line":95,"column":36}},"56":{"start":{"line":96,"column":12},"end":{"line":96,"column":36}},"57":{"start":{"line":98,"column":12},"end":{"line":98,"column":36}},"58":{"start":{"line":99,"column":12},"end":{"line":99,"column":37}},"59":{"start":{"line":101,"column":8},"end":{"line":101,"column":19}},"60":{"start":{"line":105,"column":0},"end":{"line":105,"column":28}}},"fnMap":{"0":{"name":"(anonymous_0)","decl":{"start":{"line":9,"column":4},"end":{"line":9,"column":5}},"loc":{"start":{"line":9,"column":26},"end":{"line":102,"column":5}},"line":9}},"branchMap":{"0":{"loc":{"start":{"line":16,"column":8},"end":{"line":21,"column":9}},"type":"if","locations":[{"start":{"line":16,"column":8},"end":{"line":21,"column":9}},{"start":{"line":19,"column":13},"end":{"line":21,"column":9}}],"line":16},"1":{"loc":{"start":{"line":34,"column":8},"end":{"line":48,"column":9}},"type":"if","locations":[{"start":{"line":34,"column":8},"end":{"line":48,"column":9}},{"start":{"line":37,"column":15},"end":{"line":48,"column":9}}],"line":34},"2":{"loc":{"start":{"line":37,"column":15},"end":{"line":48,"column":9}},"type":"if","locations":[{"start":{"line":37,"column":15},"end":{"line":48,"column":9}},{"start":{"line":40,"column":15},"end":{"line":48,"column":9}}],"line":37},"3":{"loc":{"start":{"line":40,"column":15},"end":{"line":48,"column":9}},"type":"if","locations":[{"start":{"line":40,"column":15},"end":{"line":48,"column":9}},{"start":{"line":44,"column":15},"end":{"line":48,"column":9}}],"line":40},"4":{"loc":{"start":{"line":44,"column":15},"end":{"line":48,"column":9}},"type":"if","locations":[{"start":{"line":44,"column":15},"end":{"line":48,"column":9}},{"start":{},"end":{}}],"line":44},"5":{"loc":{"start":{"line":50,"column":8},"end":{"line":56,"column":9}},"type":"if","locations":[{"start":{"line":50,"column":8},"end":{"line":56,"column":9}},{"start":{"line":53,"column":15},"end":{"line":56,"column":9}}],"line":50},"6":{"loc":{"start":{"line":73,"column":8},"end":{"line":88,"column":9}},"type":"if","locations":[{"start":{"line":73,"column":8},"end":{"line":88,"column":9}},{"start":{"line":76,"column":15},"end":{"line":88,"column":9}}],"line":73},"7":{"loc":{"start":{"line":76,"column":15},"end":{"line":88,"column":9}},"type":"if","locations":[{"start":{"line":76,"column":15},"end":{"line":88,"column":9}},{"start":{"line":79,"column":15},"end":{"line":88,"column":9}}],"line":76},"8":{"loc":{"start":{"line":79,"column":15},"end":{"line":88,"column":9}},"type":"if","locations":[{"start":{"line":79,"column":15},"end":{"line":88,"column":9}},{"start":{"line":82,"column":15},"end":{"line":88,"column":9}}],"line":79},"9":{"loc":{"start":{"line":82,"column":15},"end":{"line":88,"column":9}},"type":"if","locations":[{"start":{"line":82,"column":15},"end":{"line":88,"column":9}},{"start":{"line":85,"column":15},"end":{"line":88,"column":9}}],"line":82},"10":{"loc":{"start":{"line":91,"column":8},"end":{"line":100,"column":9}},"type":"if","locations":[{"start":{"line":91,"column":8},"end":{"line":100,"column":9}},{"start":{"line":94,"column":15},"end":{"line":100,"column":9}}],"line":91},"11":{"loc":{"start":{"line":94,"column":15},"end":{"line":100,"column":9}},"type":"if","locations":[{"start":{"line":94,"column":15},"end":{"line":100,"column":9}},{"start":{"line":97,"column":15},"end":{"line":100,"column":9}}],"line":94}},"s":{"0":1,"1":1,"2":1,"3":1,"4":1,"5":0,"6":1,"7":1,"8":1,"9":1,"10":1,"11":0,"12":0,"13":1,"14":0,"15":0,"16":1,"17":0,"18":0,"19":0,"20":1,"21":0,"22":0,"23":0,"24":1,"25":0,"26":0,"27":1,"28":1,"29":1,"30":1,"31":1,"32":3,"33":1,"34":1,"35":1,"36":3,"37":1,"38":1,"39":1,"40":0,"41":0,"42":0,"43":0,"44":0,"45":0,"46":0,"47":0,"48":0,"49":0,"50":0,"51":1,"52":0,"53":0,"54":1,"55":0,"56":0,"57":1,"58":1,"59":1,"60":1},"f":{"0":1},"b":{"0":[1,0],"1":[0,1],"2":[0,1],"3":[0,1],"4":[0,1],"5":[0,1],"6":[1,0],"7":[0,0],"8":[0,0],"9":[0,0],"10":[0,1],"11":[0,1]},"_coverageSchema":"1a1c01bbd47fc00a2c39e90264f33305004495a9","hash":"08ddb8138f3a21eda3cd84a897d557fa1e905f5e"}
,"/Users/mderoir/Desktop/STRAM/G552/api552/Data/Frame/Frame_0x74.js": {"path":"/Users/mderoir/Desktop/STRAM/G552/api552/Data/Frame/Frame_0x74.js","statementMap":{"0":{"start":{"line":8,"column":20},"end":{"line":14,"column":9}},"1":{"start":{"line":16,"column":8},"end":{"line":19,"column":9}},"2":{"start":{"line":16,"column":21},"end":{"line":16,"column":22}},"3":{"start":{"line":17,"column":12},"end":{"line":17,"column":40}},"4":{"start":{"line":18,"column":12},"end":{"line":18,"column":41}},"5":{"start":{"line":21,"column":8},"end":{"line":21,"column":19}},"6":{"start":{"line":25,"column":0},"end":{"line":25,"column":28}}},"fnMap":{"0":{"name":"(anonymous_0)","decl":{"start":{"line":7,"column":4},"end":{"line":7,"column":5}},"loc":{"start":{"line":7,"column":26},"end":{"line":22,"column":5}},"line":7}},"branchMap":{},"s":{"0":1,"1":1,"2":1,"3":16,"4":16,"5":1,"6":1},"f":{"0":1},"b":{},"_coverageSchema":"1a1c01bbd47fc00a2c39e90264f33305004495a9","hash":"725236a8aa0e74c8395bce9058bd0f065ab5243e"}
,"/Users/mderoir/Desktop/STRAM/G552/api552/Data/Frame/Frame_0x77_PlayerNames.js": {"path":"/Users/mderoir/Desktop/STRAM/G552/api552/Data/Frame/Frame_0x77_PlayerNames.js","statementMap":{"0":{"start":{"line":1,"column":24},"end":{"line":1,"column":49}},"1":{"start":{"line":2,"column":23},"end":{"line":2,"column":57}},"2":{"start":{"line":13,"column":24},"end":{"line":13,"column":52}},"3":{"start":{"line":16,"column":20},"end":{"line":23,"column":9}},"4":{"start":{"line":26,"column":33},"end":{"line":31,"column":10}},"5":{"start":{"line":27,"column":12},"end":{"line":29,"column":13}},"6":{"start":{"line":28,"column":16},"end":{"line":28,"column":28}},"7":{"start":{"line":30,"column":12},"end":{"line":30,"column":24}},"8":{"start":{"line":34,"column":28},"end":{"line":34,"column":46}},"9":{"start":{"line":36,"column":8},"end":{"line":52,"column":9}},"10":{"start":{"line":38,"column":12},"end":{"line":38,"column":111}},"11":{"start":{"line":41,"column":12},"end":{"line":51,"column":13}},"12":{"start":{"line":42,"column":16},"end":{"line":42,"column":57}},"13":{"start":{"line":46,"column":17},"end":{"line":51,"column":13}},"14":{"start":{"line":47,"column":16},"end":{"line":47,"column":57}},"15":{"start":{"line":50,"column":16},"end":{"line":50,"column":113}},"16":{"start":{"line":55,"column":8},"end":{"line":55,"column":19}},"17":{"start":{"line":60,"column":0},"end":{"line":60,"column":40}}},"fnMap":{"0":{"name":"(anonymous_0)","decl":{"start":{"line":11,"column":4},"end":{"line":11,"column":5}},"loc":{"start":{"line":11,"column":27},"end":{"line":56,"column":5}},"line":11},"1":{"name":"(anonymous_1)","decl":{"start":{"line":26,"column":46},"end":{"line":26,"column":47}},"loc":{"start":{"line":26,"column":56},"end":{"line":31,"column":9}},"line":26}},"branchMap":{"0":{"loc":{"start":{"line":27,"column":12},"end":{"line":29,"column":13}},"type":"if","locations":[{"start":{"line":27,"column":12},"end":{"line":29,"column":13}},{"start":{},"end":{}}],"line":27},"1":{"loc":{"start":{"line":36,"column":8},"end":{"line":52,"column":9}},"type":"if","locations":[{"start":{"line":36,"column":8},"end":{"line":52,"column":9}},{"start":{},"end":{}}],"line":36},"2":{"loc":{"start":{"line":36,"column":12},"end":{"line":36,"column":48}},"type":"binary-expr","locations":[{"start":{"line":36,"column":12},"end":{"line":36,"column":28}},{"start":{"line":36,"column":32},"end":{"line":36,"column":48}}],"line":36},"3":{"loc":{"start":{"line":41,"column":12},"end":{"line":51,"column":13}},"type":"if","locations":[{"start":{"line":41,"column":12},"end":{"line":51,"column":13}},{"start":{"line":46,"column":17},"end":{"line":51,"column":13}}],"line":41},"4":{"loc":{"start":{"line":41,"column":16},"end":{"line":41,"column":78}},"type":"binary-expr","locations":[{"start":{"line":41,"column":16},"end":{"line":41,"column":45}},{"start":{"line":41,"column":49},"end":{"line":41,"column":78}}],"line":41},"5":{"loc":{"start":{"line":46,"column":17},"end":{"line":51,"column":13}},"type":"if","locations":[{"start":{"line":46,"column":17},"end":{"line":51,"column":13}},{"start":{"line":48,"column":19},"end":{"line":51,"column":13}}],"line":46},"6":{"loc":{"start":{"line":46,"column":21},"end":{"line":46,"column":83}},"type":"binary-expr","locations":[{"start":{"line":46,"column":21},"end":{"line":46,"column":50}},{"start":{"line":46,"column":54},"end":{"line":46,"column":83}}],"line":46}},"s":{"0":1,"1":1,"2":3,"3":3,"4":3,"5":162,"6":0,"7":162,"8":3,"9":3,"10":3,"11":3,"12":1,"13":2,"14":0,"15":2,"16":3,"17":1},"f":{"0":3,"1":162},"b":{"0":[0,162],"1":[3,0],"2":[3,3],"3":[1,2],"4":[3,1],"5":[0,2],"6":[2,0]},"_coverageSchema":"1a1c01bbd47fc00a2c39e90264f33305004495a9","hash":"71d04dddff6f282e74a64ae8d242c34d96308363"}
,"/Users/mderoir/Desktop/STRAM/G552/api552/Data/Frame/Frame_0x77_TeamNames.js": {"path":"/Users/mderoir/Desktop/STRAM/G552/api552/Data/Frame/Frame_0x77_TeamNames.js","statementMap":{"0":{"start":{"line":1,"column":26},"end":{"line":1,"column":51}},"1":{"start":{"line":9,"column":22},"end":{"line":9,"column":50}},"2":{"start":{"line":11,"column":20},"end":{"line":13,"column":9}},"3":{"start":{"line":15,"column":31},"end":{"line":15,"column":44}},"4":{"start":{"line":17,"column":8},"end":{"line":22,"column":9}},"5":{"start":{"line":17,"column":21},"end":{"line":17,"column":22}},"6":{"start":{"line":18,"column":12},"end":{"line":20,"column":13}},"7":{"start":{"line":19,"column":16},"end":{"line":19,"column":40}},"8":{"start":{"line":21,"column":12},"end":{"line":21,"column":16}},"9":{"start":{"line":24,"column":8},"end":{"line":24,"column":83}},"10":{"start":{"line":25,"column":8},"end":{"line":27,"column":9}},"11":{"start":{"line":26,"column":12},"end":{"line":26,"column":89}},"12":{"start":{"line":29,"column":8},"end":{"line":29,"column":31}},"13":{"start":{"line":30,"column":8},"end":{"line":32,"column":9}},"14":{"start":{"line":31,"column":12},"end":{"line":31,"column":89}},"15":{"start":{"line":33,"column":8},"end":{"line":33,"column":86}},"16":{"start":{"line":35,"column":8},"end":{"line":35,"column":19}},"17":{"start":{"line":39,"column":0},"end":{"line":39,"column":38}}},"fnMap":{"0":{"name":"(anonymous_0)","decl":{"start":{"line":8,"column":4},"end":{"line":8,"column":5}},"loc":{"start":{"line":8,"column":27},"end":{"line":36,"column":5}},"line":8}},"branchMap":{"0":{"loc":{"start":{"line":18,"column":12},"end":{"line":20,"column":13}},"type":"if","locations":[{"start":{"line":18,"column":12},"end":{"line":20,"column":13}},{"start":{},"end":{}}],"line":18},"1":{"loc":{"start":{"line":25,"column":8},"end":{"line":27,"column":9}},"type":"if","locations":[{"start":{"line":25,"column":8},"end":{"line":27,"column":9}},{"start":{},"end":{}}],"line":25},"2":{"loc":{"start":{"line":25,"column":12},"end":{"line":25,"column":74}},"type":"binary-expr","locations":[{"start":{"line":25,"column":12},"end":{"line":25,"column":41}},{"start":{"line":25,"column":45},"end":{"line":25,"column":74}}],"line":25},"3":{"loc":{"start":{"line":30,"column":8},"end":{"line":32,"column":9}},"type":"if","locations":[{"start":{"line":30,"column":8},"end":{"line":32,"column":9}},{"start":{},"end":{}}],"line":30},"4":{"loc":{"start":{"line":30,"column":12},"end":{"line":30,"column":74}},"type":"binary-expr","locations":[{"start":{"line":30,"column":12},"end":{"line":30,"column":41}},{"start":{"line":30,"column":45},"end":{"line":30,"column":74}}],"line":30}},"s":{"0":1,"1":2,"2":2,"3":2,"4":2,"5":2,"6":54,"7":11,"8":54,"9":2,"10":2,"11":0,"12":2,"13":2,"14":0,"15":2,"16":2,"17":1},"f":{"0":2},"b":{"0":[11,43],"1":[0,2],"2":[2,0],"3":[0,2],"4":[2,0]},"_coverageSchema":"1a1c01bbd47fc00a2c39e90264f33305004495a9","hash":"853076d43a8e24da7c011abab1a2a98a9a0dd0f4"}
,"/Users/mderoir/Desktop/STRAM/G552/api552/Data/Frame/Frame_0x9A.js": {"path":"/Users/mderoir/Desktop/STRAM/G552/api552/Data/Frame/Frame_0x9A.js","statementMap":{"0":{"start":{"line":1,"column":23},"end":{"line":1,"column":57}},"1":{"start":{"line":2,"column":12},"end":{"line":2,"column":42}},"2":{"start":{"line":11,"column":20},"end":{"line":13,"column":9}},"3":{"start":{"line":15,"column":8},"end":{"line":20,"column":9}},"4":{"start":{"line":16,"column":12},"end":{"line":16,"column":102}},"5":{"start":{"line":19,"column":12},"end":{"line":19,"column":115}},"6":{"start":{"line":22,"column":8},"end":{"line":22,"column":41}},"7":{"start":{"line":25,"column":8},"end":{"line":39,"column":9}},"8":{"start":{"line":26,"column":12},"end":{"line":26,"column":37}},"9":{"start":{"line":27,"column":12},"end":{"line":27,"column":28}},"10":{"start":{"line":28,"column":15},"end":{"line":39,"column":9}},"11":{"start":{"line":29,"column":12},"end":{"line":29,"column":38}},"12":{"start":{"line":30,"column":12},"end":{"line":30,"column":28}},"13":{"start":{"line":31,"column":15},"end":{"line":39,"column":9}},"14":{"start":{"line":32,"column":12},"end":{"line":32,"column":38}},"15":{"start":{"line":33,"column":12},"end":{"line":33,"column":27}},"16":{"start":{"line":34,"column":12},"end":{"line":34,"column":43}},"17":{"start":{"line":35,"column":15},"end":{"line":39,"column":9}},"18":{"start":{"line":36,"column":12},"end":{"line":36,"column":38}},"19":{"start":{"line":37,"column":12},"end":{"line":37,"column":27}},"20":{"start":{"line":38,"column":12},"end":{"line":38,"column":46}},"21":{"start":{"line":41,"column":8},"end":{"line":47,"column":9}},"22":{"start":{"line":42,"column":12},"end":{"line":42,"column":37}},"23":{"start":{"line":43,"column":12},"end":{"line":43,"column":39}},"24":{"start":{"line":45,"column":12},"end":{"line":45,"column":38}},"25":{"start":{"line":46,"column":12},"end":{"line":46,"column":38}},"26":{"start":{"line":49,"column":8},"end":{"line":49,"column":19}},"27":{"start":{"line":53,"column":0},"end":{"line":53,"column":28}}},"fnMap":{"0":{"name":"(anonymous_0)","decl":{"start":{"line":9,"column":4},"end":{"line":9,"column":5}},"loc":{"start":{"line":9,"column":26},"end":{"line":50,"column":5}},"line":9}},"branchMap":{"0":{"loc":{"start":{"line":15,"column":8},"end":{"line":20,"column":9}},"type":"if","locations":[{"start":{"line":15,"column":8},"end":{"line":20,"column":9}},{"start":{"line":18,"column":13},"end":{"line":20,"column":9}}],"line":15},"1":{"loc":{"start":{"line":25,"column":8},"end":{"line":39,"column":9}},"type":"if","locations":[{"start":{"line":25,"column":8},"end":{"line":39,"column":9}},{"start":{"line":28,"column":15},"end":{"line":39,"column":9}}],"line":25},"2":{"loc":{"start":{"line":28,"column":15},"end":{"line":39,"column":9}},"type":"if","locations":[{"start":{"line":28,"column":15},"end":{"line":39,"column":9}},{"start":{"line":31,"column":15},"end":{"line":39,"column":9}}],"line":28},"3":{"loc":{"start":{"line":31,"column":15},"end":{"line":39,"column":9}},"type":"if","locations":[{"start":{"line":31,"column":15},"end":{"line":39,"column":9}},{"start":{"line":35,"column":15},"end":{"line":39,"column":9}}],"line":31},"4":{"loc":{"start":{"line":35,"column":15},"end":{"line":39,"column":9}},"type":"if","locations":[{"start":{"line":35,"column":15},"end":{"line":39,"column":9}},{"start":{},"end":{}}],"line":35},"5":{"loc":{"start":{"line":41,"column":8},"end":{"line":47,"column":9}},"type":"if","locations":[{"start":{"line":41,"column":8},"end":{"line":47,"column":9}},{"start":{"line":44,"column":15},"end":{"line":47,"column":9}}],"line":41}},"s":{"0":1,"1":1,"2":1,"3":1,"4":1,"5":0,"6":1,"7":1,"8":1,"9":1,"10":0,"11":0,"12":0,"13":0,"14":0,"15":0,"16":0,"17":0,"18":0,"19":0,"20":0,"21":1,"22":1,"23":1,"24":0,"25":0,"26":1,"27":1},"f":{"0":1},"b":{"0":[1,0],"1":[1,0],"2":[0,0],"3":[0,0],"4":[0,0],"5":[1,0]},"_coverageSchema":"1a1c01bbd47fc00a2c39e90264f33305004495a9","hash":"a9bab876f31cfb73bcc47ebac94b8e354b237b9b"}
,"/Users/mderoir/Desktop/STRAM/G552/api552/Data/Frame/Frame_0xA9.js": {"path":"/Users/mderoir/Desktop/STRAM/G552/api552/Data/Frame/Frame_0xA9.js","statementMap":{"0":{"start":{"line":1,"column":23},"end":{"line":1,"column":57}},"1":{"start":{"line":9,"column":20},"end":{"line":11,"column":9}},"2":{"start":{"line":13,"column":8},"end":{"line":13,"column":46}},"3":{"start":{"line":15,"column":8},"end":{"line":22,"column":9}},"4":{"start":{"line":15,"column":21},"end":{"line":15,"column":22}},"5":{"start":{"line":16,"column":12},"end":{"line":21,"column":99}},"6":{"start":{"line":17,"column":16},"end":{"line":17,"column":46}},"7":{"start":{"line":18,"column":17},"end":{"line":21,"column":99}},"8":{"start":{"line":19,"column":16},"end":{"line":19,"column":46}},"9":{"start":{"line":21,"column":16},"end":{"line":21,"column":99}},"10":{"start":{"line":23,"column":8},"end":{"line":23,"column":19}},"11":{"start":{"line":27,"column":0},"end":{"line":27,"column":28}}},"fnMap":{"0":{"name":"(anonymous_0)","decl":{"start":{"line":8,"column":4},"end":{"line":8,"column":5}},"loc":{"start":{"line":8,"column":27},"end":{"line":24,"column":5}},"line":8}},"branchMap":{"0":{"loc":{"start":{"line":16,"column":12},"end":{"line":21,"column":99}},"type":"if","locations":[{"start":{"line":16,"column":12},"end":{"line":21,"column":99}},{"start":{"line":18,"column":17},"end":{"line":21,"column":99}}],"line":16},"1":{"loc":{"start":{"line":16,"column":16},"end":{"line":16,"column":76}},"type":"binary-expr","locations":[{"start":{"line":16,"column":16},"end":{"line":16,"column":44}},{"start":{"line":16,"column":48},"end":{"line":16,"column":76}}],"line":16},"2":{"loc":{"start":{"line":18,"column":17},"end":{"line":21,"column":99}},"type":"if","locations":[{"start":{"line":18,"column":17},"end":{"line":21,"column":99}},{"start":{"line":21,"column":16},"end":{"line":21,"column":99}}],"line":18},"3":{"loc":{"start":{"line":18,"column":21},"end":{"line":18,"column":81}},"type":"binary-expr","locations":[{"start":{"line":18,"column":21},"end":{"line":18,"column":49}},{"start":{"line":18,"column":53},"end":{"line":18,"column":81}}],"line":18}},"s":{"0":1,"1":1,"2":1,"3":1,"4":1,"5":16,"6":8,"7":8,"8":2,"9":6,"10":1,"11":1},"f":{"0":1},"b":{"0":[8,8],"1":[16,11],"2":[2,6],"3":[8,2]},"_coverageSchema":"1a1c01bbd47fc00a2c39e90264f33305004495a9","hash":"7821d9c8900f3e942b7e85660a4411213815628a"}
,"/Users/mderoir/Desktop/STRAM/G552/api552/Data/Frame/Frame_0xAC.js": {"path":"/Users/mderoir/Desktop/STRAM/G552/api552/Data/Frame/Frame_0xAC.js","statementMap":{"0":{"start":{"line":1,"column":23},"end":{"line":1,"column":57}},"1":{"start":{"line":9,"column":20},"end":{"line":11,"column":9}},"2":{"start":{"line":13,"column":8},"end":{"line":13,"column":47}},"3":{"start":{"line":15,"column":8},"end":{"line":22,"column":9}},"4":{"start":{"line":15,"column":21},"end":{"line":15,"column":22}},"5":{"start":{"line":16,"column":12},"end":{"line":21,"column":100}},"6":{"start":{"line":17,"column":16},"end":{"line":17,"column":47}},"7":{"start":{"line":18,"column":17},"end":{"line":21,"column":100}},"8":{"start":{"line":19,"column":16},"end":{"line":19,"column":47}},"9":{"start":{"line":21,"column":16},"end":{"line":21,"column":100}},"10":{"start":{"line":23,"column":8},"end":{"line":23,"column":19}},"11":{"start":{"line":28,"column":0},"end":{"line":28,"column":28}}},"fnMap":{"0":{"name":"(anonymous_0)","decl":{"start":{"line":8,"column":4},"end":{"line":8,"column":5}},"loc":{"start":{"line":8,"column":27},"end":{"line":24,"column":5}},"line":8}},"branchMap":{"0":{"loc":{"start":{"line":16,"column":12},"end":{"line":21,"column":100}},"type":"if","locations":[{"start":{"line":16,"column":12},"end":{"line":21,"column":100}},{"start":{"line":18,"column":17},"end":{"line":21,"column":100}}],"line":16},"1":{"loc":{"start":{"line":16,"column":16},"end":{"line":16,"column":76}},"type":"binary-expr","locations":[{"start":{"line":16,"column":16},"end":{"line":16,"column":44}},{"start":{"line":16,"column":48},"end":{"line":16,"column":76}}],"line":16},"2":{"loc":{"start":{"line":18,"column":17},"end":{"line":21,"column":100}},"type":"if","locations":[{"start":{"line":18,"column":17},"end":{"line":21,"column":100}},{"start":{"line":21,"column":16},"end":{"line":21,"column":100}}],"line":18},"3":{"loc":{"start":{"line":18,"column":21},"end":{"line":18,"column":81}},"type":"binary-expr","locations":[{"start":{"line":18,"column":21},"end":{"line":18,"column":49}},{"start":{"line":18,"column":53},"end":{"line":18,"column":81}}],"line":18}},"s":{"0":1,"1":1,"2":1,"3":1,"4":1,"5":16,"6":0,"7":16,"8":3,"9":13,"10":1,"11":1},"f":{"0":1},"b":{"0":[0,16],"1":[16,3],"2":[3,13],"3":[16,6]},"_coverageSchema":"1a1c01bbd47fc00a2c39e90264f33305004495a9","hash":"a58a887cba25139c918737d56e732bbd5d1fb489"}
,"/Users/mderoir/Desktop/STRAM/G552/api552/Data/Utils/nBytesToNumber.js": {"path":"/Users/mderoir/Desktop/STRAM/G552/api552/Data/Utils/nBytesToNumber.js","statementMap":{"0":{"start":{"line":2,"column":14},"end":{"line":2,"column":15}},"1":{"start":{"line":4,"column":4},"end":{"line":6,"column":5}},"2":{"start":{"line":5,"column":8},"end":{"line":5,"column":95}},"3":{"start":{"line":7,"column":4},"end":{"line":7,"column":15}},"4":{"start":{"line":10,"column":0},"end":{"line":10,"column":36}}},"fnMap":{"0":{"name":"parseBytesToNumber","decl":{"start":{"line":1,"column":9},"end":{"line":1,"column":27}},"loc":{"start":{"line":1,"column":40},"end":{"line":8,"column":1}},"line":1}},"branchMap":{},"s":{"0":444,"1":444,"2":664,"3":444,"4":13},"f":{"0":444},"b":{},"_coverageSchema":"1a1c01bbd47fc00a2c39e90264f33305004495a9","hash":"309f233c256549a5af43010439e94941d993d01d"}
,"/Users/mderoir/Desktop/STRAM/G552/api552/Data/Utils/Enums/eLED.js": {"path":"/Users/mderoir/Desktop/STRAM/G552/api552/Data/Utils/Enums/eLED.js","statementMap":{"0":{"start":{"line":1,"column":14},"end":{"line":5,"column":1}},"1":{"start":{"line":7,"column":15},"end":{"line":10,"column":1}},"2":{"start":{"line":13,"column":0},"end":{"line":16,"column":2}}},"fnMap":{},"branchMap":{},"s":{"0":8,"1":8,"2":8},"f":{},"b":{},"_coverageSchema":"1a1c01bbd47fc00a2c39e90264f33305004495a9","hash":"12deb088fed01461d8f0be4bf39d928e644d146b"}
,"/Users/mderoir/Desktop/STRAM/G552/api552/Data/Utils/Enums/eSport.js": {"path":"/Users/mderoir/Desktop/STRAM/G552/api552/Data/Utils/Enums/eSport.js","statementMap":{"0":{"start":{"line":1,"column":15},"end":{"line":14,"column":1}},"1":{"start":{"line":16,"column":0},"end":{"line":16,"column":24}}},"fnMap":{},"branchMap":{},"s":{"0":3,"1":3},"f":{},"b":{},"_coverageSchema":"1a1c01bbd47fc00a2c39e90264f33305004495a9","hash":"769f380359bd1868639943b30c77395fec32a3c4"}
,"/Users/mderoir/Desktop/STRAM/G552/api552/Data/Utils/Enums/eTeam.js": {"path":"/Users/mderoir/Desktop/STRAM/G552/api552/Data/Utils/Enums/eTeam.js","statementMap":{"0":{"start":{"line":1,"column":14},"end":{"line":5,"column":1}},"1":{"start":{"line":7,"column":0},"end":{"line":7,"column":23}}},"fnMap":{},"branchMap":{},"s":{"0":1,"1":1},"f":{},"b":{},"_coverageSchema":"1a1c01bbd47fc00a2c39e90264f33305004495a9","hash":"77da1147b88a2e15cd3d37881cc7cd7792699972"}
}
