TN:
SF:Data/Frame/Frame_0x33.js
FN:12,(anonymous_0)
FNF:1
FNH:1
FNDA:4,(anonymous_0)
DA:1,1
DA:3,1
DA:4,1
DA:5,1
DA:13,4
DA:14,4
DA:16,4
DA:22,4
DA:23,2
DA:24,2
DA:25,1
DA:28,1
DA:32,4
DA:33,3
DA:35,1
DA:39,4
DA:42,4
DA:46,4
DA:47,1
DA:49,3
DA:53,4
DA:54,1
DA:55,1
DA:57,3
DA:58,3
DA:62,4
DA:63,1
DA:64,1
DA:66,3
DA:67,3
DA:71,4
DA:74,4
DA:77,4
DA:80,4
DA:81,1
DA:82,1
DA:83,3
DA:84,1
DA:85,1
DA:86,2
DA:87,1
DA:88,1
DA:89,1
DA:90,1
DA:91,1
DA:92,1
DA:93,1
DA:97,4
DA:100,4
DA:102,4
DA:103,48
DA:104,48
DA:109,4
DA:110,4
DA:111,4
DA:124,4
DA:125,4
DA:127,4
DA:128,3
DA:129,1
DA:130,1
DA:133,4
DA:134,1
DA:135,1
DA:136,3
DA:137,1
DA:138,1
DA:139,2
DA:140,1
DA:141,1
DA:142,1
DA:143,1
DA:144,1
DA:145,1
DA:146,1
DA:149,4
DA:150,1
DA:151,1
DA:152,3
DA:153,1
DA:154,1
DA:155,2
DA:156,2
DA:157,2
DA:160,4
DA:164,1
LF:86
LH:86
BRDA:22,0,0,2
BRDA:22,0,1,2
BRDA:24,1,0,1
BRDA:24,1,1,1
BRDA:32,2,0,3
BRDA:32,2,1,1
BRDA:46,3,0,1
BRDA:46,3,1,3
BRDA:53,4,0,1
BRDA:53,4,1,3
BRDA:62,5,0,1
BRDA:62,5,1,3
BRDA:80,6,0,1
BRDA:80,6,1,3
BRDA:83,7,0,1
BRDA:83,7,1,2
BRDA:86,8,0,1
BRDA:86,8,1,1
BRDA:90,9,0,1
BRDA:90,9,1,0
BRDA:127,10,0,3
BRDA:127,10,1,1
BRDA:129,11,0,1
BRDA:129,11,1,0
BRDA:133,12,0,1
BRDA:133,12,1,3
BRDA:136,13,0,1
BRDA:136,13,1,2
BRDA:139,14,0,1
BRDA:139,14,1,1
BRDA:143,15,0,1
BRDA:143,15,1,0
BRDA:149,16,0,1
BRDA:149,16,1,3
BRDA:152,17,0,1
BRDA:152,17,1,2
BRDA:155,18,0,2
BRDA:155,18,1,0
BRF:38
BRH:34
end_of_record
TN:
SF:Data/Frame/Frame_0x35.js
FN:9,(anonymous_0)
FNF:1
FNH:1
FNDA:5,(anonymous_0)
DA:1,1
DA:2,1
DA:10,5
DA:16,5
DA:17,4
DA:19,1
DA:23,5
DA:26,5
DA:29,5
DA:32,5
DA:35,5
DA:39,5
DA:42,5
DA:45,5
DA:48,5
DA:51,5
DA:54,5
DA:55,2
DA:56,2
DA:57,3
DA:58,1
DA:59,1
DA:60,2
DA:61,1
DA:62,1
DA:63,1
DA:64,1
DA:65,1
DA:66,1
DA:67,1
DA:71,5
DA:72,5
DA:73,5
DA:74,5
DA:76,5
DA:77,15
DA:78,15
DA:79,15
DA:80,15
DA:83,15
DA:84,15
DA:86,15
DA:87,15
DA:90,5
DA:94,1
LF:45
LH:45
BRDA:16,0,0,4
BRDA:16,0,1,1
BRDA:54,1,0,2
BRDA:54,1,1,3
BRDA:57,2,0,1
BRDA:57,2,1,2
BRDA:60,3,0,1
BRDA:60,3,1,1
BRDA:64,4,0,1
BRDA:64,4,1,0
BRDA:83,5,0,15
BRDA:83,5,1,0
BRDA:83,6,0,15
BRDA:83,6,1,15
BRDA:83,6,2,15
BRDA:86,7,0,15
BRDA:86,7,1,0
BRDA:86,8,0,15
BRDA:86,8,1,15
BRDA:86,8,2,15
BRF:20
BRH:17
end_of_record
TN:
SF:Data/Frame/Frame_0x36.js
FN:10,(anonymous_0)
FNF:1
FNH:1
FNDA:1,(anonymous_0)
DA:1,1
DA:2,1
DA:3,1
DA:11,1
DA:17,1
DA:18,1
DA:20,0
DA:24,1
DA:25,1
DA:28,1
DA:31,1
DA:32,1
DA:35,1
DA:36,1
DA:39,1
DA:42,1
DA:43,1
DA:44,1
DA:45,0
DA:46,0
DA:47,0
DA:48,0
DA:49,0
DA:50,0
DA:51,0
DA:52,0
DA:53,0
DA:54,0
DA:55,0
DA:58,1
DA:59,1
DA:60,1
DA:62,0
DA:63,0
DA:67,1
DA:73,1
DA:81,1
DA:82,1
DA:84,1
DA:85,6
DA:86,6
DA:88,6
DA:89,6
DA:94,1
DA:95,0
DA:96,0
DA:97,1
DA:98,0
DA:99,0
DA:100,1
DA:101,0
DA:102,0
DA:103,1
DA:104,0
DA:105,0
DA:107,1
DA:108,1
DA:112,1
DA:113,0
DA:114,0
DA:115,1
DA:116,0
DA:117,0
DA:119,1
DA:120,1
DA:124,1
DA:129,1
LF:67
LH:41
BRDA:17,0,0,1
BRDA:17,0,1,0
BRDA:42,1,0,1
BRDA:42,1,1,0
BRDA:45,2,0,0
BRDA:45,2,1,0
BRDA:48,3,0,0
BRDA:48,3,1,0
BRDA:52,4,0,0
BRDA:52,4,1,0
BRDA:58,5,0,1
BRDA:58,5,1,0
BRDA:85,6,0,6
BRDA:85,6,1,0
BRDA:85,7,0,6
BRDA:85,7,1,6
BRDA:88,8,0,6
BRDA:88,8,1,0
BRDA:88,9,0,6
BRDA:88,9,1,6
BRDA:94,10,0,0
BRDA:94,10,1,1
BRDA:97,11,0,0
BRDA:97,11,1,1
BRDA:100,12,0,0
BRDA:100,12,1,1
BRDA:103,13,0,0
BRDA:103,13,1,1
BRDA:112,14,0,0
BRDA:112,14,1,1
BRDA:115,15,0,0
BRDA:115,15,1,1
BRF:32
BRH:15
end_of_record
TN:
SF:Data/Frame/Frame_0x37.js
FN:9,(anonymous_0)
FNF:1
FNH:1
FNDA:1,(anonymous_0)
DA:1,1
DA:2,1
DA:10,1
DA:16,1
DA:17,0
DA:19,1
DA:24,1
DA:27,1
DA:28,1
DA:29,1
DA:32,1
DA:33,13
DA:37,1
DA:38,0
DA:39,0
DA:40,1
DA:41,1
DA:42,1
DA:43,0
DA:44,0
DA:45,0
DA:46,0
DA:47,0
DA:48,0
DA:49,0
DA:50,0
DA:53,1
DA:54,1
DA:55,1
DA:57,0
DA:58,0
DA:62,1
DA:63,1
DA:65,1
DA:66,0
DA:67,1
DA:68,1
DA:71,1
DA:72,0
DA:73,0
DA:74,1
DA:75,1
DA:76,1
DA:77,0
DA:78,0
DA:79,0
DA:80,0
DA:81,0
DA:82,0
DA:83,0
DA:84,0
DA:87,1
DA:88,1
DA:89,1
DA:90,0
DA:91,0
DA:92,0
DA:93,0
DA:94,0
DA:95,0
DA:98,1
DA:103,1
LF:62
LH:32
BRDA:16,0,0,0
BRDA:16,0,1,1
BRDA:37,1,0,0
BRDA:37,1,1,1
BRDA:40,2,0,1
BRDA:40,2,1,0
BRDA:43,3,0,0
BRDA:43,3,1,0
BRDA:47,4,0,0
BRDA:47,4,1,0
BRDA:53,5,0,1
BRDA:53,5,1,0
BRDA:65,6,0,0
BRDA:65,6,1,1
BRDA:67,7,0,1
BRDA:67,7,1,0
BRDA:71,8,0,0
BRDA:71,8,1,1
BRDA:74,9,0,1
BRDA:74,9,1,0
BRDA:77,10,0,0
BRDA:77,10,1,0
BRDA:81,11,0,0
BRDA:81,11,1,0
BRDA:87,12,0,1
BRDA:87,12,1,0
BRDA:90,13,0,0
BRDA:90,13,1,0
BRDA:93,14,0,0
BRDA:93,14,1,0
BRF:30
BRH:9
end_of_record
TN:
SF:Data/Frame/Frame_0x38.js
FN:9,(anonymous_0)
FNF:1
FNH:1
FNDA:1,(anonymous_0)
DA:1,1
DA:2,1
DA:10,1
DA:16,1
DA:17,1
DA:19,0
DA:24,1
DA:27,1
DA:28,1
DA:29,1
DA:32,1
DA:33,13
DA:37,1
DA:38,1
DA:39,1
DA:40,0
DA:41,0
DA:42,0
DA:43,0
DA:44,0
DA:45,0
DA:46,0
DA:47,0
DA:48,0
DA:49,0
DA:50,0
DA:53,1
DA:54,0
DA:55,0
DA:57,1
DA:58,1
DA:62,1
DA:63,1
DA:65,1
DA:66,0
DA:67,1
DA:68,1
DA:71,1
DA:72,1
DA:73,1
DA:74,0
DA:75,0
DA:76,0
DA:77,0
DA:78,0
DA:79,0
DA:80,0
DA:81,0
DA:82,0
DA:83,0
DA:84,0
DA:87,1
DA:88,1
DA:89,1
DA:90,0
DA:91,0
DA:92,0
DA:93,0
DA:94,0
DA:95,0
DA:98,1
DA:103,1
LF:62
LH:30
BRDA:16,0,0,1
BRDA:16,0,1,0
BRDA:37,1,0,1
BRDA:37,1,1,0
BRDA:40,2,0,0
BRDA:40,2,1,0
BRDA:43,3,0,0
BRDA:43,3,1,0
BRDA:47,4,0,0
BRDA:47,4,1,0
BRDA:53,5,0,0
BRDA:53,5,1,1
BRDA:65,6,0,0
BRDA:65,6,1,1
BRDA:67,7,0,1
BRDA:67,7,1,0
BRDA:71,8,0,1
BRDA:71,8,1,0
BRDA:74,9,0,0
BRDA:74,9,1,0
BRDA:77,10,0,0
BRDA:77,10,1,0
BRDA:81,11,0,0
BRDA:81,11,1,0
BRDA:87,12,0,1
BRDA:87,12,1,0
BRDA:90,13,0,0
BRDA:90,13,1,0
BRDA:93,14,0,0
BRDA:93,14,1,0
BRF:30
BRH:7
end_of_record
TN:
SF:Data/Frame/Frame_0x3A.js
FN:9,(anonymous_0)
FNF:1
FNH:1
FNDA:1,(anonymous_0)
DA:1,1
DA:2,1
DA:11,1
DA:17,1
DA:18,1
DA:21,0
DA:25,1
DA:28,1
DA:31,1
DA:32,1
DA:35,1
DA:36,1
DA:37,1
DA:38,0
DA:39,0
DA:40,0
DA:41,0
DA:42,0
DA:43,0
DA:44,0
DA:45,0
DA:46,0
DA:47,0
DA:48,0
DA:51,1
DA:52,1
DA:53,1
DA:55,0
DA:56,0
DA:60,1
DA:62,1
DA:63,4
DA:67,1
DA:69,1
DA:70,4
DA:74,1
DA:75,1
DA:76,1
DA:77,0
DA:78,0
DA:79,0
DA:80,0
DA:81,0
DA:82,0
DA:83,0
DA:84,0
DA:85,0
DA:87,0
DA:88,0
DA:92,1
DA:93,0
DA:94,0
DA:95,1
DA:96,0
DA:97,0
DA:99,1
DA:100,1
DA:102,1
DA:106,1
LF:59
LH:30
BRDA:17,0,0,1
BRDA:17,0,1,0
BRDA:35,1,0,1
BRDA:35,1,1,0
BRDA:38,2,0,0
BRDA:38,2,1,0
BRDA:41,3,0,0
BRDA:41,3,1,0
BRDA:45,4,0,0
BRDA:45,4,1,0
BRDA:51,5,0,1
BRDA:51,5,1,0
BRDA:74,6,0,1
BRDA:74,6,1,0
BRDA:77,7,0,0
BRDA:77,7,1,0
BRDA:80,8,0,0
BRDA:80,8,1,0
BRDA:83,9,0,0
BRDA:83,9,1,0
BRDA:92,10,0,0
BRDA:92,10,1,1
BRDA:95,11,0,0
BRDA:95,11,1,1
BRF:24
BRH:6
end_of_record
TN:
SF:Data/Frame/Frame_0x3C.js
FN:9,(anonymous_0)
FNF:1
FNH:1
FNDA:2,(anonymous_0)
DA:1,1
DA:2,1
DA:10,2
DA:15,2
DA:16,1
DA:18,1
DA:22,2
DA:24,2
DA:25,2
DA:26,2
DA:27,28
DA:28,28
DA:31,2
DA:35,1
LF:14
LH:14
BRDA:15,0,0,1
BRDA:15,0,1,1
BRF:2
BRH:2
end_of_record
TN:
SF:Data/Frame/Frame_0x62_PlayerNames.js
FN:11,(anonymous_0)
FN:26,(anonymous_1)
FNF:2
FNH:2
FNDA:3,(anonymous_0)
FNDA:162,(anonymous_1)
DA:1,1
DA:2,1
DA:13,3
DA:16,3
DA:26,3
DA:27,162
DA:28,0
DA:30,162
DA:34,3
DA:36,3
DA:38,3
DA:41,3
DA:42,1
DA:46,2
DA:47,0
DA:50,2
DA:55,3
DA:60,1
LF:18
LH:16
BRDA:27,0,0,0
BRDA:27,0,1,162
BRDA:36,1,0,3
BRDA:36,1,1,0
BRDA:36,2,0,3
BRDA:36,2,1,3
BRDA:41,3,0,1
BRDA:41,3,1,2
BRDA:41,4,0,3
BRDA:41,4,1,1
BRDA:46,5,0,0
BRDA:46,5,1,2
BRDA:46,6,0,2
BRDA:46,6,1,0
BRF:14
BRH:10
end_of_record
TN:
SF:Data/Frame/Frame_0x62_TeamNames.js
FN:8,(anonymous_0)
FNF:1
FNH:1
FNDA:2,(anonymous_0)
DA:1,1
DA:9,2
DA:11,2
DA:15,2
DA:17,2
DA:18,54
DA:19,11
DA:21,54
DA:24,2
DA:25,2
DA:26,0
DA:29,2
DA:30,2
DA:31,0
DA:33,2
DA:35,2
DA:39,1
LF:17
LH:15
BRDA:18,0,0,11
BRDA:18,0,1,43
BRDA:25,1,0,0
BRDA:25,1,1,2
BRDA:25,2,0,2
BRDA:25,2,1,1
BRDA:30,3,0,0
BRDA:30,3,1,2
BRDA:30,4,0,2
BRDA:30,4,1,0
BRF:10
BRH:7
end_of_record
TN:
SF:Data/Frame/Frame_0x6C.js
FN:9,(anonymous_0)
FNF:1
FNH:1
FNDA:1,(anonymous_0)
DA:1,1
DA:2,1
DA:11,1
DA:16,1
DA:17,1
DA:20,0
DA:24,1
DA:27,1
DA:30,1
DA:31,1
DA:34,1
DA:35,0
DA:36,0
DA:37,1
DA:38,0
DA:39,0
DA:40,1
DA:41,0
DA:42,0
DA:43,0
DA:44,1
DA:45,0
DA:46,0
DA:47,0
DA:50,1
DA:51,0
DA:52,0
DA:54,1
DA:55,1
DA:59,1
DA:61,1
DA:62,3
DA:66,1
DA:68,1
DA:69,3
DA:73,1
DA:74,1
DA:75,1
DA:76,0
DA:77,0
DA:78,0
DA:79,0
DA:80,0
DA:81,0
DA:82,0
DA:83,0
DA:84,0
DA:86,0
DA:87,0
DA:91,1
DA:92,0
DA:93,0
DA:94,1
DA:95,0
DA:96,0
DA:98,1
DA:99,1
DA:101,1
DA:105,1
LF:59
LH:31
BRDA:16,0,0,1
BRDA:16,0,1,0
BRDA:34,1,0,0
BRDA:34,1,1,1
BRDA:37,2,0,0
BRDA:37,2,1,1
BRDA:40,3,0,0
BRDA:40,3,1,1
BRDA:44,4,0,0
BRDA:44,4,1,1
BRDA:50,5,0,0
BRDA:50,5,1,1
BRDA:73,6,0,1
BRDA:73,6,1,0
BRDA:76,7,0,0
BRDA:76,7,1,0
BRDA:79,8,0,0
BRDA:79,8,1,0
BRDA:82,9,0,0
BRDA:82,9,1,0
BRDA:91,10,0,0
BRDA:91,10,1,1
BRDA:94,11,0,0
BRDA:94,11,1,1
BRF:24
BRH:9
end_of_record
TN:
SF:Data/Frame/Frame_0x74.js
FN:7,(anonymous_0)
FNF:1
FNH:1
FNDA:1,(anonymous_0)
DA:8,1
DA:16,1
DA:17,16
DA:18,16
DA:21,1
DA:25,1
LF:6
LH:6
BRF:0
BRH:0
end_of_record
TN:
SF:Data/Frame/Frame_0x77_PlayerNames.js
FN:11,(anonymous_0)
FN:26,(anonymous_1)
FNF:2
FNH:2
FNDA:3,(anonymous_0)
FNDA:162,(anonymous_1)
DA:1,1
DA:2,1
DA:13,3
DA:16,3
DA:26,3
DA:27,162
DA:28,0
DA:30,162
DA:34,3
DA:36,3
DA:38,3
DA:41,3
DA:42,1
DA:46,2
DA:47,0
DA:50,2
DA:55,3
DA:60,1
LF:18
LH:16
BRDA:27,0,0,0
BRDA:27,0,1,162
BRDA:36,1,0,3
BRDA:36,1,1,0
BRDA:36,2,0,3
BRDA:36,2,1,3
BRDA:41,3,0,1
BRDA:41,3,1,2
BRDA:41,4,0,3
BRDA:41,4,1,1
BRDA:46,5,0,0
BRDA:46,5,1,2
BRDA:46,6,0,2
BRDA:46,6,1,0
BRF:14
BRH:10
end_of_record
TN:
SF:Data/Frame/Frame_0x77_TeamNames.js
FN:8,(anonymous_0)
FNF:1
FNH:1
FNDA:2,(anonymous_0)
DA:1,1
DA:9,2
DA:11,2
DA:15,2
DA:17,2
DA:18,54
DA:19,11
DA:21,54
DA:24,2
DA:25,2
DA:26,0
DA:29,2
DA:30,2
DA:31,0
DA:33,2
DA:35,2
DA:39,1
LF:17
LH:15
BRDA:18,0,0,11
BRDA:18,0,1,43
BRDA:25,1,0,0
BRDA:25,1,1,2
BRDA:25,2,0,2
BRDA:25,2,1,0
BRDA:30,3,0,0
BRDA:30,3,1,2
BRDA:30,4,0,2
BRDA:30,4,1,0
BRF:10
BRH:6
end_of_record
TN:
SF:Data/Frame/Frame_0x9A.js
FN:9,(anonymous_0)
FNF:1
FNH:1
FNDA:1,(anonymous_0)
DA:1,1
DA:2,1
DA:11,1
DA:15,1
DA:16,1
DA:19,0
DA:22,1
DA:25,1
DA:26,1
DA:27,1
DA:28,0
DA:29,0
DA:30,0
DA:31,0
DA:32,0
DA:33,0
DA:34,0
DA:35,0
DA:36,0
DA:37,0
DA:38,0
DA:41,1
DA:42,1
DA:43,1
DA:45,0
DA:46,0
DA:49,1
DA:53,1
LF:28
LH:14
BRDA:15,0,0,1
BRDA:15,0,1,0
BRDA:25,1,0,1
BRDA:25,1,1,0
BRDA:28,2,0,0
BRDA:28,2,1,0
BRDA:31,3,0,0
BRDA:31,3,1,0
BRDA:35,4,0,0
BRDA:35,4,1,0
BRDA:41,5,0,1
BRDA:41,5,1,0
BRF:12
BRH:3
end_of_record
TN:
SF:Data/Frame/Frame_0xA9.js
FN:8,(anonymous_0)
FNF:1
FNH:1
FNDA:1,(anonymous_0)
DA:1,1
DA:9,1
DA:13,1
DA:15,1
DA:16,16
DA:17,8
DA:18,8
DA:19,2
DA:21,6
DA:23,1
DA:27,1
LF:11
LH:11
BRDA:16,0,0,8
BRDA:16,0,1,8
BRDA:16,1,0,16
BRDA:16,1,1,11
BRDA:18,2,0,2
BRDA:18,2,1,6
BRDA:18,3,0,8
BRDA:18,3,1,2
BRF:8
BRH:8
end_of_record
TN:
SF:Data/Frame/Frame_0xAC.js
FN:8,(anonymous_0)
FNF:1
FNH:1
FNDA:1,(anonymous_0)
DA:1,1
DA:9,1
DA:13,1
DA:15,1
DA:16,16
DA:17,0
DA:18,16
DA:19,3
DA:21,13
DA:23,1
DA:28,1
LF:11
LH:10
BRDA:16,0,0,0
BRDA:16,0,1,16
BRDA:16,1,0,16
BRDA:16,1,1,3
BRDA:18,2,0,3
BRDA:18,2,1,13
BRDA:18,3,0,16
BRDA:18,3,1,6
BRF:8
BRH:7
end_of_record
TN:
SF:Data/Utils/nBytesToNumber.js
FN:1,parseBytesToNumber
FNF:1
FNH:1
FNDA:444,parseBytesToNumber
DA:2,444
DA:4,444
DA:5,664
DA:7,444
DA:10,13
LF:5
LH:5
BRF:0
BRH:0
end_of_record
TN:
SF:Data/Utils/Enums/eLED.js
FNF:0
FNH:0
DA:1,8
DA:7,8
DA:13,8
LF:3
LH:3
BRF:0
BRH:0
end_of_record
TN:
SF:Data/Utils/Enums/eSport.js
FNF:0
FNH:0
DA:1,3
DA:16,3
LF:2
LH:2
BRF:0
BRH:0
end_of_record
TN:
SF:Data/Utils/Enums/eTeam.js
FNF:0
FNH:0
DA:1,1
DA:7,1
LF:2
LH:2
BRF:0
BRH:0
end_of_record
